<?xml version="1.0" encoding="UTF-8"?>
<coverage generated="1643159661461" clover="3.2.0">
  <project timestamp="1643159661461" name="All files">
    <metrics statements="406" coveredstatements="295" conditionals="120" coveredconditionals="52" methods="126" coveredmethods="80" elements="652" coveredelements="427" complexity="0" loc="406" ncloc="406" packages="17" files="36" classes="36"/>
    <package name="src">
      <metrics statements="2" coveredstatements="2" conditionals="0" coveredconditionals="0" methods="1" coveredmethods="1"/>
      <file name="App.tsx" path="/Users/hamdikahloun/Desktop/sendbird/src/App.tsx">
        <metrics statements="2" coveredstatements="2" conditionals="0" coveredconditionals="0" methods="1" coveredmethods="1"/>
        <line num="6" count="1" type="stmt"/>
        <line num="7" count="1" type="stmt"/>
      </file>
    </package>
    <package name="src.components.avatar">
      <metrics statements="11" coveredstatements="9" conditionals="7" coveredconditionals="7" methods="2" coveredmethods="1"/>
      <file name="Avatar.tsx" path="/Users/hamdikahloun/Desktop/sendbird/src/components/avatar/Avatar.tsx">
        <metrics statements="11" coveredstatements="9" conditionals="7" coveredconditionals="7" methods="2" coveredmethods="1"/>
        <line num="26" count="12" type="stmt"/>
        <line num="28" count="12" type="stmt"/>
        <line num="37" count="10" type="stmt"/>
        <line num="39" count="10" type="stmt"/>
        <line num="40" count="10" type="cond" truecount="4" falsecount="0"/>
        <line num="42" count="10" type="stmt"/>
        <line num="43" count="0" type="stmt"/>
        <line num="44" count="0" type="stmt"/>
        <line num="47" count="10" type="stmt"/>
        <line num="86" count="12" type="stmt"/>
        <line num="110" count="12" type="stmt"/>
      </file>
    </package>
    <package name="src.components.channel">
      <metrics statements="6" coveredstatements="5" conditionals="0" coveredconditionals="0" methods="2" coveredmethods="1"/>
      <file name="ChannelPreview.tsx" path="/Users/hamdikahloun/Desktop/sendbird/src/components/channel/ChannelPreview.tsx">
        <metrics statements="6" coveredstatements="5" conditionals="0" coveredconditionals="0" methods="2" coveredmethods="1"/>
        <line num="10" count="6" type="stmt"/>
        <line num="11" count="1" type="stmt"/>
        <line num="12" count="0" type="stmt"/>
        <line num="14" count="1" type="stmt"/>
        <line num="27" count="6" type="stmt"/>
        <line num="64" count="6" type="stmt"/>
      </file>
    </package>
    <package name="src.components.channelList">
      <metrics statements="14" coveredstatements="9" conditionals="11" coveredconditionals="7" methods="4" coveredmethods="2"/>
      <file name="ChannelList.tsx" path="/Users/hamdikahloun/Desktop/sendbird/src/components/channelList/ChannelList.tsx">
        <metrics statements="14" coveredstatements="9" conditionals="11" coveredconditionals="7" methods="4" coveredmethods="2"/>
        <line num="30" count="6" type="stmt"/>
        <line num="36" count="1" type="stmt"/>
        <line num="37" count="0" type="stmt"/>
        <line num="40" count="1" type="stmt"/>
        <line num="41" count="1" type="cond" truecount="2" falsecount="2"/>
        <line num="42" count="0" type="stmt"/>
        <line num="44" count="1" type="cond" truecount="1" falsecount="1"/>
        <line num="45" count="0" type="stmt"/>
        <line num="47" count="1" type="cond" truecount="4" falsecount="1"/>
        <line num="48" count="1" type="stmt"/>
        <line num="50" count="0" type="stmt"/>
        <line num="53" count="1" type="stmt"/>
        <line num="59" count="0" type="stmt"/>
        <line num="67" count="6" type="stmt"/>
      </file>
    </package>
    <package name="src.components.loadingState">
      <metrics statements="3" coveredstatements="3" conditionals="0" coveredconditionals="0" methods="1" coveredmethods="1"/>
      <file name="LoadingState.tsx" path="/Users/hamdikahloun/Desktop/sendbird/src/components/loadingState/LoadingState.tsx">
        <metrics statements="3" coveredstatements="3" conditionals="0" coveredconditionals="0" methods="1" coveredmethods="1"/>
        <line num="11" count="8" type="stmt"/>
        <line num="12" count="3" type="stmt"/>
        <line num="19" count="8" type="stmt"/>
      </file>
    </package>
    <package name="src.components.loginButton">
      <metrics statements="4" coveredstatements="4" conditionals="2" coveredconditionals="2" methods="1" coveredmethods="1"/>
      <file name="LoginButton.tsx" path="/Users/hamdikahloun/Desktop/sendbird/src/components/loginButton/LoginButton.tsx">
        <metrics statements="4" coveredstatements="4" conditionals="2" coveredconditionals="2" methods="1" coveredmethods="1"/>
        <line num="16" count="5" type="stmt"/>
        <line num="21" count="8" type="stmt"/>
        <line num="40" count="5" type="stmt"/>
        <line num="63" count="5" type="stmt"/>
      </file>
    </package>
    <package name="src.components.message">
      <metrics statements="11" coveredstatements="11" conditionals="2" coveredconditionals="1" methods="3" coveredmethods="3"/>
      <file name="Message.tsx" path="/Users/hamdikahloun/Desktop/sendbird/src/components/message/Message.tsx">
        <metrics statements="3" coveredstatements="3" conditionals="2" coveredconditionals="1" methods="1" coveredmethods="1"/>
        <line num="10" count="8" type="stmt"/>
        <line num="11" count="1" type="stmt"/>
        <line num="32" count="8" type="stmt"/>
      </file>
      <file name="MyMessage.tsx" path="/Users/hamdikahloun/Desktop/sendbird/src/components/message/MyMessage.tsx">
        <metrics statements="4" coveredstatements="4" conditionals="0" coveredconditionals="0" methods="1" coveredmethods="1"/>
        <line num="8" count="9" type="stmt"/>
        <line num="9" count="1" type="stmt"/>
        <line num="16" count="9" type="stmt"/>
        <line num="42" count="9" type="stmt"/>
      </file>
      <file name="OtherMessage.tsx" path="/Users/hamdikahloun/Desktop/sendbird/src/components/message/OtherMessage.tsx">
        <metrics statements="4" coveredstatements="4" conditionals="0" coveredconditionals="0" methods="1" coveredmethods="1"/>
        <line num="9" count="9" type="stmt"/>
        <line num="10" count="2" type="stmt"/>
        <line num="20" count="9" type="stmt"/>
        <line num="49" count="9" type="stmt"/>
      </file>
    </package>
    <package name="src.components.messageInput">
      <metrics statements="20" coveredstatements="15" conditionals="0" coveredconditionals="0" methods="6" coveredmethods="3"/>
      <file name="MessageInput.tsx" path="/Users/hamdikahloun/Desktop/sendbird/src/components/messageInput/MessageInput.tsx">
        <metrics statements="10" coveredstatements="7" conditionals="0" coveredconditionals="0" methods="3" coveredmethods="1"/>
        <line num="11" count="7" type="stmt"/>
        <line num="16" count="9" type="stmt"/>
        <line num="17" count="9" type="stmt"/>
        <line num="18" count="0" type="stmt"/>
        <line num="19" count="0" type="stmt"/>
        <line num="22" count="9" type="stmt"/>
        <line num="23" count="0" type="stmt"/>
        <line num="26" count="9" type="stmt"/>
        <line num="37" count="7" type="stmt"/>
        <line num="66" count="7" type="stmt"/>
      </file>
      <file name="MessageTextInput.tsx" path="/Users/hamdikahloun/Desktop/sendbird/src/components/messageInput/MessageTextInput.tsx">
        <metrics statements="7" coveredstatements="5" conditionals="0" coveredconditionals="0" methods="2" coveredmethods="1"/>
        <line num="17" count="8" type="stmt"/>
        <line num="22" count="10" type="stmt"/>
        <line num="24" count="10" type="stmt"/>
        <line num="25" count="0" type="stmt"/>
        <line num="26" count="0" type="stmt"/>
        <line num="29" count="10" type="stmt"/>
        <line num="42" count="8" type="stmt"/>
      </file>
      <file name="SendButton.tsx" path="/Users/hamdikahloun/Desktop/sendbird/src/components/messageInput/SendButton.tsx">
        <metrics statements="3" coveredstatements="3" conditionals="0" coveredconditionals="0" methods="1" coveredmethods="1"/>
        <line num="19" count="8" type="stmt"/>
        <line num="20" count="10" type="stmt"/>
        <line num="27" count="8" type="stmt"/>
      </file>
    </package>
    <package name="src.components.messageList">
      <metrics statements="14" coveredstatements="11" conditionals="11" coveredconditionals="10" methods="4" coveredmethods="2"/>
      <file name="MessageList.tsx" path="/Users/hamdikahloun/Desktop/sendbird/src/components/messageList/MessageList.tsx">
        <metrics statements="14" coveredstatements="11" conditionals="11" coveredconditionals="10" methods="4" coveredmethods="2"/>
        <line num="32" count="7" type="stmt"/>
        <line num="39" count="9" type="stmt"/>
        <line num="40" count="0" type="stmt"/>
        <line num="46" count="9" type="stmt"/>
        <line num="47" count="9" type="cond" truecount="4" falsecount="0"/>
        <line num="48" count="2" type="stmt"/>
        <line num="50" count="7" type="cond" truecount="2" falsecount="0"/>
        <line num="51" count="4" type="stmt"/>
        <line num="57" count="3" type="cond" truecount="4" falsecount="1"/>
        <line num="58" count="3" type="stmt"/>
        <line num="64" count="0" type="stmt"/>
        <line num="67" count="9" type="stmt"/>
        <line num="74" count="0" type="stmt"/>
        <line num="83" count="7" type="stmt"/>
      </file>
    </package>
    <package name="src.components.nicknameInput">
      <metrics statements="8" coveredstatements="8" conditionals="0" coveredconditionals="0" methods="2" coveredmethods="2"/>
      <file name="NicknameInput.tsx" path="/Users/hamdikahloun/Desktop/sendbird/src/components/nicknameInput/NicknameInput.tsx">
        <metrics statements="8" coveredstatements="8" conditionals="0" coveredconditionals="0" methods="2" coveredmethods="2"/>
        <line num="8" count="5" type="stmt"/>
        <line num="9" count="5" type="stmt"/>
        <line num="11" count="5" type="stmt"/>
        <line num="12" count="1" type="stmt"/>
        <line num="13" count="1" type="stmt"/>
        <line num="16" count="5" type="stmt"/>
        <line num="34" count="5" type="stmt"/>
        <line num="36" count="5" type="stmt"/>
      </file>
    </package>
    <package name="src.components.participant">
      <metrics statements="5" coveredstatements="4" conditionals="0" coveredconditionals="0" methods="2" coveredmethods="1"/>
      <file name="Participant.tsx" path="/Users/hamdikahloun/Desktop/sendbird/src/components/participant/Participant.tsx">
        <metrics statements="5" coveredstatements="4" conditionals="0" coveredconditionals="0" methods="2" coveredmethods="1"/>
        <line num="10" count="8" type="stmt"/>
        <line num="14" count="1" type="stmt"/>
        <line num="15" count="0" type="stmt"/>
        <line num="17" count="1" type="stmt"/>
        <line num="28" count="8" type="stmt"/>
      </file>
    </package>
    <package name="src.components.participantList">
      <metrics statements="6" coveredstatements="4" conditionals="0" coveredconditionals="0" methods="3" coveredmethods="1"/>
      <file name="ParticipantList.tsx" path="/Users/hamdikahloun/Desktop/sendbird/src/components/participantList/ParticipantList.tsx">
        <metrics statements="6" coveredstatements="4" conditionals="0" coveredconditionals="0" methods="3" coveredmethods="1"/>
        <line num="23" count="7" type="stmt"/>
        <line num="27" count="9" type="stmt"/>
        <line num="28" count="0" type="stmt"/>
        <line num="33" count="9" type="stmt"/>
        <line num="39" count="0" type="stmt"/>
        <line num="46" count="7" type="stmt"/>
      </file>
    </package>
    <package name="src.containers">
      <metrics statements="40" coveredstatements="30" conditionals="10" coveredconditionals="7" methods="8" coveredmethods="5"/>
      <file name="ChannelContainer.tsx" path="/Users/hamdikahloun/Desktop/sendbird/src/containers/ChannelContainer.tsx">
        <metrics statements="30" coveredstatements="22" conditionals="8" coveredconditionals="6" methods="6" coveredmethods="4"/>
        <line num="15" count="4" type="stmt"/>
        <line num="16" count="8" type="stmt"/>
        <line num="17" count="8" type="stmt"/>
        <line num="18" count="8" type="stmt"/>
        <line num="19" count="8" type="stmt"/>
        <line num="20" count="8" type="stmt"/>
        <line num="27" count="8" type="stmt"/>
        <line num="34" count="8" type="stmt"/>
        <line num="36" count="8" type="stmt"/>
        <line num="38" count="8" type="cond" truecount="2" falsecount="0"/>
        <line num="39" count="8" type="cond" truecount="2" falsecount="0"/>
        <line num="41" count="8" type="stmt"/>
        <line num="42" count="2" type="stmt"/>
        <line num="43" count="2" type="stmt"/>
        <line num="47" count="8" type="stmt"/>
        <line num="48" count="2" type="stmt"/>
        <line num="51" count="8" type="stmt"/>
        <line num="52" count="2" type="cond" truecount="2" falsecount="2"/>
        <line num="53" count="0" type="stmt"/>
        <line num="54" count="0" type="stmt"/>
        <line num="55" count="0" type="stmt"/>
        <line num="56" count="0" type="stmt"/>
        <line num="57" count="0" type="stmt"/>
        <line num="62" count="8" type="stmt"/>
        <line num="63" count="0" type="stmt"/>
        <line num="64" count="0" type="stmt"/>
        <line num="67" count="8" type="stmt"/>
        <line num="68" count="0" type="stmt"/>
        <line num="71" count="8" type="stmt"/>
        <line num="89" count="4" type="stmt"/>
      </file>
      <file name="LoginContainer.tsx" path="/Users/hamdikahloun/Desktop/sendbird/src/containers/LoginContainer.tsx">
        <metrics statements="10" coveredstatements="8" conditionals="2" coveredconditionals="1" methods="2" coveredmethods="1"/>
        <line num="8" count="4" type="stmt"/>
        <line num="9" count="3" type="stmt"/>
        <line num="10" count="3" type="stmt"/>
        <line num="11" count="3" type="stmt"/>
        <line num="12" count="3" type="cond" truecount="1" falsecount="1"/>
        <line num="14" count="3" type="stmt"/>
        <line num="15" count="0" type="stmt"/>
        <line num="16" count="0" type="stmt"/>
        <line num="18" count="3" type="stmt"/>
        <line num="29" count="4" type="stmt"/>
      </file>
    </package>
    <package name="src.hooks">
      <metrics statements="124" coveredstatements="81" conditionals="32" coveredconditionals="4" methods="32" coveredmethods="15"/>
      <file name="useChannel.ts" path="/Users/hamdikahloun/Desktop/sendbird/src/hooks/useChannel.ts">
        <metrics statements="16" coveredstatements="8" conditionals="4" coveredconditionals="0" methods="4" coveredmethods="1"/>
        <line num="11" count="5" type="stmt"/>
        <line num="12" count="8" type="stmt"/>
        <line num="13" count="8" type="stmt"/>
        <line num="14" count="8" type="stmt"/>
        <line num="15" count="8" type="stmt"/>
        <line num="17" count="8" type="stmt"/>
        <line num="18" count="0" type="cond" truecount="0" falsecount="2"/>
        <line num="19" count="0" type="stmt"/>
        <line num="21" count="0" type="stmt"/>
        <line num="22" count="0" type="stmt"/>
        <line num="23" count="0" type="stmt"/>
        <line num="24" count="0" type="cond" truecount="0" falsecount="2"/>
        <line num="25" count="0" type="stmt"/>
        <line num="30" count="8" type="stmt"/>
        <line num="31" count="0" type="stmt"/>
        <line num="34" count="8" type="stmt"/>
      </file>
      <file name="useChannelHandler.ts" path="/Users/hamdikahloun/Desktop/sendbird/src/hooks/useChannelHandler.ts">
        <metrics statements="19" coveredstatements="12" conditionals="10" coveredconditionals="0" methods="7" coveredmethods="3"/>
        <line num="5" count="5" type="stmt"/>
        <line num="6" count="8" type="stmt"/>
        <line num="7" count="8" type="stmt"/>
        <line num="8" count="8" type="stmt"/>
        <line num="9" count="8" type="stmt"/>
        <line num="11" count="8" type="stmt"/>
        <line num="12" count="0" type="cond" truecount="0" falsecount="2"/>
        <line num="16" count="0" type="stmt"/>
        <line num="20" count="8" type="stmt"/>
        <line num="21" count="0" type="cond" truecount="0" falsecount="2"/>
        <line num="22" count="0" type="stmt"/>
        <line num="26" count="8" type="stmt"/>
        <line num="27" count="0" type="cond" truecount="0" falsecount="2"/>
        <line num="31" count="8" type="stmt"/>
        <line num="32" count="0" type="cond" truecount="0" falsecount="2"/>
        <line num="33" count="0" type="stmt"/>
        <line num="37" count="8" type="stmt"/>
        <line num="38" count="2" type="stmt"/>
        <line num="39" count="2" type="stmt"/>
      </file>
      <file name="useChannels.ts" path="/Users/hamdikahloun/Desktop/sendbird/src/hooks/useChannels.ts">
        <metrics statements="30" coveredstatements="26" conditionals="8" coveredconditionals="4" methods="5" coveredmethods="5"/>
        <line num="16" count="4" type="stmt"/>
        <line num="17" count="8" type="stmt"/>
        <line num="18" count="8" type="stmt"/>
        <line num="19" count="8" type="stmt"/>
        <line num="20" count="8" type="stmt"/>
        <line num="21" count="8" type="stmt"/>
        <line num="22" count="8" type="stmt"/>
        <line num="23" count="8" type="stmt"/>
        <line num="24" count="8" type="stmt"/>
        <line num="26" count="8" type="stmt"/>
        <line num="27" count="2" type="cond" truecount="1" falsecount="1"/>
        <line num="28" count="0" type="stmt"/>
        <line num="30" count="2" type="cond" truecount="1" falsecount="1"/>
        <line num="31" count="0" type="stmt"/>
        <line num="33" count="2" type="stmt"/>
        <line num="38" count="8" type="stmt"/>
        <line num="39" count="2" type="cond" truecount="1" falsecount="1"/>
        <line num="40" count="0" type="stmt"/>
        <line num="42" count="2" type="cond" truecount="1" falsecount="1"/>
        <line num="43" count="0" type="stmt"/>
        <line num="45" count="2" type="stmt"/>
        <line num="50" count="8" type="stmt"/>
        <line num="51" count="2" type="stmt"/>
        <line num="52" count="2" type="stmt"/>
        <line num="53" count="2" type="stmt"/>
        <line num="56" count="8" type="stmt"/>
        <line num="57" count="2" type="stmt"/>
        <line num="58" count="2" type="stmt"/>
        <line num="59" count="2" type="stmt"/>
        <line num="62" count="8" type="stmt"/>
      </file>
      <file name="useMessages.ts" path="/Users/hamdikahloun/Desktop/sendbird/src/hooks/useMessages.ts">
        <metrics statements="19" coveredstatements="10" conditionals="4" coveredconditionals="0" methods="4" coveredmethods="1"/>
        <line num="8" count="5" type="stmt"/>
        <line num="9" count="16" type="stmt"/>
        <line num="10" count="16" type="stmt"/>
        <line num="11" count="16" type="stmt"/>
        <line num="12" count="16" type="stmt"/>
        <line num="13" count="16" type="stmt"/>
        <line num="15" count="16" type="stmt"/>
        <line num="19" count="0" type="cond" truecount="0" falsecount="2"/>
        <line num="20" count="0" type="stmt"/>
        <line num="22" count="0" type="cond" truecount="0" falsecount="2"/>
        <line num="23" count="0" type="stmt"/>
        <line num="25" count="0" type="stmt"/>
        <line num="34" count="16" type="stmt"/>
        <line num="35" count="0" type="stmt"/>
        <line num="36" count="0" type="stmt"/>
        <line num="37" count="0" type="stmt"/>
        <line num="40" count="16" type="stmt"/>
        <line num="41" count="0" type="stmt"/>
        <line num="43" count="16" type="stmt"/>
      </file>
      <file name="useParticipants.ts" path="/Users/hamdikahloun/Desktop/sendbird/src/hooks/useParticipants.ts">
        <metrics statements="21" coveredstatements="11" conditionals="4" coveredconditionals="0" methods="5" coveredmethods="1"/>
        <line num="13" count="5" type="stmt"/>
        <line num="14" count="16" type="stmt"/>
        <line num="15" count="16" type="stmt"/>
        <line num="16" count="16" type="stmt"/>
        <line num="17" count="16" type="stmt"/>
        <line num="18" count="16" type="stmt"/>
        <line num="20" count="16" type="stmt"/>
        <line num="24" count="0" type="cond" truecount="0" falsecount="2"/>
        <line num="25" count="0" type="stmt"/>
        <line num="27" count="0" type="cond" truecount="0" falsecount="2"/>
        <line num="28" count="0" type="stmt"/>
        <line num="30" count="0" type="stmt"/>
        <line num="35" count="16" type="stmt"/>
        <line num="36" count="0" type="stmt"/>
        <line num="37" count="0" type="stmt"/>
        <line num="38" count="0" type="stmt"/>
        <line num="41" count="16" type="stmt"/>
        <line num="42" count="0" type="stmt"/>
        <line num="45" count="16" type="stmt"/>
        <line num="46" count="0" type="stmt"/>
        <line num="49" count="16" type="stmt"/>
      </file>
      <file name="useStateChange.ts" path="/Users/hamdikahloun/Desktop/sendbird/src/hooks/useStateChange.ts">
        <metrics statements="8" coveredstatements="5" conditionals="2" coveredconditionals="0" methods="4" coveredmethods="3"/>
        <line num="5" count="5" type="stmt"/>
        <line num="6" count="8" type="stmt"/>
        <line num="7" count="0" type="cond" truecount="0" falsecount="2"/>
        <line num="8" count="0" type="stmt"/>
        <line num="10" count="0" type="stmt"/>
        <line num="14" count="8" type="stmt"/>
        <line num="15" count="2" type="stmt"/>
        <line num="16" count="2" type="stmt"/>
      </file>
      <file name="useUser.ts" path="/Users/hamdikahloun/Desktop/sendbird/src/hooks/useUser.ts">
        <metrics statements="11" coveredstatements="9" conditionals="0" coveredconditionals="0" methods="3" coveredmethods="1"/>
        <line num="11" count="5" type="stmt"/>
        <line num="12" count="11" type="stmt"/>
        <line num="13" count="11" type="stmt"/>
        <line num="14" count="11" type="stmt"/>
        <line num="15" count="11" type="stmt"/>
        <line num="16" count="11" type="stmt"/>
        <line num="18" count="11" type="stmt"/>
        <line num="19" count="0" type="stmt"/>
        <line num="22" count="11" type="stmt"/>
        <line num="23" count="0" type="stmt"/>
        <line num="26" count="11" type="stmt"/>
      </file>
    </package>
    <package name="src.navigators">
      <metrics statements="14" coveredstatements="8" conditionals="11" coveredconditionals="1" methods="5" coveredmethods="2"/>
      <file name="AppNavigator.tsx" path="/Users/hamdikahloun/Desktop/sendbird/src/navigators/AppNavigator.tsx">
        <metrics statements="4" coveredstatements="4" conditionals="2" coveredconditionals="1" methods="1" coveredmethods="1"/>
        <line num="11" count="2" type="stmt"/>
        <line num="13" count="2" type="stmt"/>
        <line num="14" count="2" type="stmt"/>
        <line num="16" count="2" type="stmt"/>
      </file>
      <file name="MainNavigator.tsx" path="/Users/hamdikahloun/Desktop/sendbird/src/navigators/MainNavigator.tsx">
        <metrics statements="3" coveredstatements="3" conditionals="0" coveredconditionals="0" methods="1" coveredmethods="1"/>
        <line num="5" count="3" type="stmt"/>
        <line num="7" count="3" type="stmt"/>
        <line num="8" count="1" type="stmt"/>
      </file>
      <file name="utils.ts" path="/Users/hamdikahloun/Desktop/sendbird/src/navigators/utils.ts">
        <metrics statements="7" coveredstatements="1" conditionals="9" coveredconditionals="0" methods="3" coveredmethods="0"/>
        <line num="18" count="2" type="stmt"/>
        <line num="21" count="0" type="cond" truecount="0" falsecount="2"/>
        <line num="22" count="0" type="stmt"/>
        <line num="27" count="0" type="cond" truecount="0" falsecount="2"/>
        <line num="28" count="0" type="stmt"/>
        <line num="38" count="0" type="cond" truecount="0" falsecount="2"/>
        <line num="39" count="0" type="stmt"/>
      </file>
    </package>
    <package name="src.services">
      <metrics statements="37" coveredstatements="16" conditionals="22" coveredconditionals="4" methods="7" coveredmethods="4"/>
      <file name="channelService.ts" path="/Users/hamdikahloun/Desktop/sendbird/src/services/channelService.ts">
        <metrics statements="11" coveredstatements="7" conditionals="4" coveredconditionals="2" methods="3" coveredmethods="2"/>
        <line num="4" count="25" type="stmt"/>
        <line num="7" count="3" type="cond" truecount="1" falsecount="1"/>
        <line num="8" count="0" type="stmt"/>
        <line num="9" count="0" type="stmt"/>
        <line num="11" count="1" type="stmt"/>
        <line num="15" count="25" type="stmt"/>
        <line num="20" count="25" type="stmt"/>
        <line num="23" count="3" type="cond" truecount="1" falsecount="1"/>
        <line num="24" count="0" type="stmt"/>
        <line num="25" count="0" type="stmt"/>
        <line num="27" count="1" type="stmt"/>
      </file>
      <file name="messagesService.ts" path="/Users/hamdikahloun/Desktop/sendbird/src/services/messagesService.ts">
        <metrics statements="5" coveredstatements="3" conditionals="2" coveredconditionals="1" methods="1" coveredmethods="1"/>
        <line num="4" count="25" type="stmt"/>
        <line num="7" count="1" type="cond" truecount="1" falsecount="1"/>
        <line num="8" count="0" type="stmt"/>
        <line num="9" count="0" type="stmt"/>
        <line num="11" count="1" type="stmt"/>
      </file>
      <file name="participantService.ts" path="/Users/hamdikahloun/Desktop/sendbird/src/services/participantService.ts">
        <metrics statements="5" coveredstatements="3" conditionals="2" coveredconditionals="1" methods="1" coveredmethods="1"/>
        <line num="4" count="25" type="stmt"/>
        <line num="7" count="1" type="cond" truecount="1" falsecount="1"/>
        <line num="8" count="0" type="stmt"/>
        <line num="9" count="0" type="stmt"/>
        <line num="11" count="1" type="stmt"/>
      </file>
      <file name="userService.ts" path="/Users/hamdikahloun/Desktop/sendbird/src/services/userService.ts">
        <metrics statements="16" coveredstatements="3" conditionals="14" coveredconditionals="0" methods="2" coveredmethods="0"/>
        <line num="7" count="25" type="stmt"/>
        <line num="8" count="0" type="stmt"/>
        <line num="9" count="0" type="stmt"/>
        <line num="10" count="0" type="cond" truecount="0" falsecount="4"/>
        <line num="11" count="0" type="stmt"/>
        <line num="14" count="0" type="cond" truecount="0" falsecount="2"/>
        <line num="19" count="0" type="cond" truecount="0" falsecount="2"/>
        <line num="20" count="0" type="cond" truecount="0" falsecount="2"/>
        <line num="21" count="0" type="stmt"/>
        <line num="23" count="0" type="cond" truecount="0" falsecount="4"/>
        <line num="24" count="0" type="stmt"/>
        <line num="27" count="0" type="stmt"/>
        <line num="29" count="25" type="stmt"/>
        <line num="31" count="25" type="stmt"/>
        <line num="34" count="0" type="stmt"/>
        <line num="35" count="0" type="stmt"/>
      </file>
    </package>
    <package name="src.store">
      <metrics statements="87" coveredstatements="75" conditionals="12" coveredconditionals="9" methods="43" coveredmethods="35"/>
      <file name="channels.ts" path="/Users/hamdikahloun/Desktop/sendbird/src/store/channels.ts">
        <metrics statements="27" coveredstatements="26" conditionals="4" coveredconditionals="3" methods="14" coveredmethods="13"/>
        <line num="5" count="23" type="stmt"/>
        <line num="15" count="23" type="stmt"/>
        <line num="20" count="0" type="stmt"/>
        <line num="24" count="9" type="stmt"/>
        <line num="26" count="4" type="stmt"/>
        <line num="29" count="2" type="stmt"/>
        <line num="30" count="2" type="stmt"/>
        <line num="31" count="2" type="stmt"/>
        <line num="34" count="3" type="stmt"/>
        <line num="35" count="3" type="cond" truecount="2" falsecount="0"/>
        <line num="38" count="9" type="stmt"/>
        <line num="40" count="3" type="stmt"/>
        <line num="43" count="1" type="stmt"/>
        <line num="44" count="1" type="stmt"/>
        <line num="45" count="1" type="stmt"/>
        <line num="48" count="2" type="stmt"/>
        <line num="49" count="2" type="stmt"/>
        <line num="55" count="23" type="stmt"/>
        <line num="56" count="34" type="stmt"/>
        <line num="57" count="23" type="stmt"/>
        <line num="58" count="23" type="stmt"/>
        <line num="59" count="23" type="stmt"/>
        <line num="60" count="12" type="stmt"/>
        <line num="61" count="23" type="stmt"/>
        <line num="62" count="12" type="stmt"/>
        <line num="63" count="23" type="stmt"/>
        <line num="64" count="36" type="stmt"/>
      </file>
      <file name="messages.ts" path="/Users/hamdikahloun/Desktop/sendbird/src/store/messages.ts">
        <metrics statements="18" coveredstatements="14" conditionals="2" coveredconditionals="2" methods="8" coveredmethods="5"/>
        <line num="5" count="23" type="stmt"/>
        <line num="10" count="23" type="stmt"/>
        <line num="15" count="0" type="stmt"/>
        <line num="16" count="0" type="stmt"/>
        <line num="20" count="9" type="stmt"/>
        <line num="22" count="2" type="stmt"/>
        <line num="25" count="2" type="stmt"/>
        <line num="26" count="2" type="stmt"/>
        <line num="27" count="2" type="stmt"/>
        <line num="30" count="1" type="stmt"/>
        <line num="31" count="1" type="cond" truecount="2" falsecount="0"/>
        <line num="36" count="23" type="stmt"/>
        <line num="37" count="23" type="stmt"/>
        <line num="38" count="0" type="stmt"/>
        <line num="39" count="23" type="stmt"/>
        <line num="40" count="26" type="stmt"/>
        <line num="41" count="23" type="stmt"/>
        <line num="42" count="0" type="stmt"/>
      </file>
      <file name="participant.ts" path="/Users/hamdikahloun/Desktop/sendbird/src/store/participant.ts">
        <metrics statements="21" coveredstatements="14" conditionals="2" coveredconditionals="0" methods="10" coveredmethods="6"/>
        <line num="6" count="8" type="stmt"/>
        <line num="11" count="8" type="stmt"/>
        <line num="16" count="0" type="stmt"/>
        <line num="17" count="0" type="stmt"/>
        <line num="20" count="0" type="stmt"/>
        <line num="21" count="0" type="stmt"/>
        <line num="22" count="0" type="stmt"/>
        <line num="27" count="4" type="stmt"/>
        <line num="29" count="1" type="stmt"/>
        <line num="32" count="1" type="stmt"/>
        <line num="33" count="1" type="stmt"/>
        <line num="34" count="1" type="stmt"/>
        <line num="37" count="0" type="stmt"/>
        <line num="38" count="0" type="cond" truecount="0" falsecount="2"/>
        <line num="43" count="8" type="stmt"/>
        <line num="44" count="8" type="stmt"/>
        <line num="45" count="24" type="stmt"/>
        <line num="46" count="8" type="stmt"/>
        <line num="47" count="24" type="stmt"/>
        <line num="48" count="8" type="stmt"/>
        <line num="49" count="24" type="stmt"/>
      </file>
      <file name="user.ts" path="/Users/hamdikahloun/Desktop/sendbird/src/store/user.ts">
        <metrics statements="21" coveredstatements="21" conditionals="4" coveredconditionals="4" methods="11" coveredmethods="11"/>
        <line num="5" count="23" type="stmt"/>
        <line num="14" count="23" type="stmt"/>
        <line num="19" count="9" type="stmt"/>
        <line num="21" count="1" type="stmt"/>
        <line num="24" count="1" type="stmt"/>
        <line num="25" count="1" type="stmt"/>
        <line num="26" count="1" type="stmt"/>
        <line num="29" count="1" type="stmt"/>
        <line num="30" count="1" type="stmt"/>
        <line num="31" count="1" type="cond" truecount="2" falsecount="0"/>
        <line num="33" count="9" type="stmt"/>
        <line num="35" count="1" type="stmt"/>
        <line num="38" count="1" type="stmt"/>
        <line num="39" count="1" type="stmt"/>
        <line num="40" count="1" type="stmt"/>
        <line num="43" count="1" type="stmt"/>
        <line num="44" count="1" type="stmt"/>
        <line num="50" count="23" type="stmt"/>
        <line num="51" count="23" type="stmt"/>
        <line num="52" count="23" type="stmt"/>
        <line num="53" count="23" type="stmt"/>
      </file>
    </package>
  </project>
</coverage>
