{"/Users/hamdikahloun/Desktop/sendbird/src/App.tsx": {"path":"/Users/hamdikahloun/Desktop/sendbird/src/App.tsx","statementMap":{"0":{"start":{"line":6,"column":12},"end":{"line":12,"column":1}},"1":{"start":{"line":7,"column":2},"end":{"line":11,"column":4}}},"fnMap":{"0":{"name":"(anonymous_0)","decl":{"start":{"line":6,"column":12},"end":{"line":6,"column":13}},"loc":{"start":{"line":6,"column":18},"end":{"line":12,"column":1}},"line":6}},"branchMap":{},"s":{"0":1,"1":1},"f":{"0":1},"b":{},"_coverageSchema":"1a1c01bbd47fc00a2c39e90264f33305004495a9","hash":"a8e5723957202034b30e6b6b45343f9d98872056"}
,"/Users/hamdikahloun/Desktop/sendbird/src/components/avatar/Avatar.tsx": {"path":"/Users/hamdikahloun/Desktop/sendbird/src/components/avatar/Avatar.tsx","statementMap":{"0":{"start":{"line":26,"column":2},"end":{"line":26,"column":61}},"1":{"start":{"line":28,"column":47},"end":{"line":84,"column":1}},"2":{"start":{"line":37,"column":6},"end":{"line":37,"column":11}},"3":{"start":{"line":39,"column":38},"end":{"line":39,"column":53}},"4":{"start":{"line":40,"column":22},"end":{"line":40,"column":65}},"5":{"start":{"line":42,"column":18},"end":{"line":45,"column":3}},"6":{"start":{"line":43,"column":4},"end":{"line":43,"column":24}},"7":{"start":{"line":44,"column":4},"end":{"line":44,"column":62}},"8":{"start":{"line":47,"column":2},"end":{"line":83,"column":4}},"9":{"start":{"line":86,"column":15},"end":{"line":101,"column":2}},"10":{"start":{"line":110,"column":22},"end":{"line":110,"column":43}}},"fnMap":{"0":{"name":"(anonymous_0)","decl":{"start":{"line":28,"column":47},"end":{"line":28,"column":48}},"loc":{"start":{"line":28,"column":56},"end":{"line":84,"column":1}},"line":28},"1":{"name":"(anonymous_1)","decl":{"start":{"line":42,"column":18},"end":{"line":42,"column":19}},"loc":{"start":{"line":42,"column":72},"end":{"line":45,"column":3}},"line":42}},"branchMap":{"0":{"loc":{"start":{"line":35,"column":4},"end":{"line":35,"column":13}},"type":"default-arg","locations":[{"start":{"line":35,"column":11},"end":{"line":35,"column":13}}],"line":35},"1":{"loc":{"start":{"line":40,"column":22},"end":{"line":40,"column":65}},"type":"cond-expr","locations":[{"start":{"line":40,"column":45},"end":{"line":40,"column":57}},{"start":{"line":40,"column":60},"end":{"line":40,"column":65}}],"line":40},"2":{"loc":{"start":{"line":40,"column":22},"end":{"line":40,"column":42}},"type":"binary-expr","locations":[{"start":{"line":40,"column":22},"end":{"line":40,"column":32}},{"start":{"line":40,"column":36},"end":{"line":40,"column":42}}],"line":40},"3":{"loc":{"start":{"line":73,"column":7},"end":{"line":81,"column":7}},"type":"binary-expr","locations":[{"start":{"line":73,"column":7},"end":{"line":73,"column":13}},{"start":{"line":74,"column":8},"end":{"line":80,"column":10}}],"line":73}},"s":{"0":12,"1":12,"2":10,"3":10,"4":10,"5":10,"6":0,"7":0,"8":10,"9":12,"10":12},"f":{"0":10,"1":0},"b":{"0":[9],"1":[4,6],"2":[10,10],"3":[10,1]},"_coverageSchema":"1a1c01bbd47fc00a2c39e90264f33305004495a9","hash":"9a5c093694f3e23403a4b5cbe56afcf6ab1f2780"}
,"/Users/hamdikahloun/Desktop/sendbird/src/components/channel/ChannelPreview.tsx": {"path":"/Users/hamdikahloun/Desktop/sendbird/src/components/channel/ChannelPreview.tsx","statementMap":{"0":{"start":{"line":10,"column":32},"end":{"line":25,"column":1}},"1":{"start":{"line":11,"column":18},"end":{"line":13,"column":3}},"2":{"start":{"line":12,"column":4},"end":{"line":12,"column":32}},"3":{"start":{"line":14,"column":2},"end":{"line":24,"column":4}},"4":{"start":{"line":27,"column":15},"end":{"line":53,"column":2}},"5":{"start":{"line":64,"column":30},"end":{"line":64,"column":59}}},"fnMap":{"0":{"name":"(anonymous_0)","decl":{"start":{"line":10,"column":32},"end":{"line":10,"column":33}},"loc":{"start":{"line":10,"column":79},"end":{"line":25,"column":1}},"line":10},"1":{"name":"(anonymous_1)","decl":{"start":{"line":11,"column":18},"end":{"line":11,"column":19}},"loc":{"start":{"line":11,"column":24},"end":{"line":13,"column":3}},"line":11}},"branchMap":{},"s":{"0":6,"1":1,"2":0,"3":1,"4":6,"5":6},"f":{"0":1,"1":0},"b":{},"_coverageSchema":"1a1c01bbd47fc00a2c39e90264f33305004495a9","hash":"7d5e5b835e7723a8fae60c7ee876567efa8a9ecf"}
,"/Users/hamdikahloun/Desktop/sendbird/src/components/channelList/ChannelList.tsx": {"path":"/Users/hamdikahloun/Desktop/sendbird/src/components/channelList/ChannelList.tsx","statementMap":{"0":{"start":{"line":30,"column":27},"end":{"line":65,"column":1}},"1":{"start":{"line":36,"column":21},"end":{"line":38,"column":3}},"2":{"start":{"line":37,"column":4},"end":{"line":37,"column":73}},"3":{"start":{"line":40,"column":29},"end":{"line":51,"column":3}},"4":{"start":{"line":41,"column":4},"end":{"line":43,"column":5}},"5":{"start":{"line":42,"column":6},"end":{"line":42,"column":30}},"6":{"start":{"line":44,"column":4},"end":{"line":46,"column":5}},"7":{"start":{"line":45,"column":6},"end":{"line":45,"column":34}},"8":{"start":{"line":47,"column":4},"end":{"line":49,"column":5}},"9":{"start":{"line":48,"column":6},"end":{"line":48,"column":37}},"10":{"start":{"line":50,"column":4},"end":{"line":50,"column":20}},"11":{"start":{"line":53,"column":2},"end":{"line":64,"column":4}},"12":{"start":{"line":59,"column":30},"end":{"line":59,"column":38}},"13":{"start":{"line":67,"column":15},"end":{"line":74,"column":2}}},"fnMap":{"0":{"name":"(anonymous_0)","decl":{"start":{"line":30,"column":27},"end":{"line":30,"column":28}},"loc":{"start":{"line":35,"column":24},"end":{"line":65,"column":1}},"line":35},"1":{"name":"(anonymous_1)","decl":{"start":{"line":36,"column":21},"end":{"line":36,"column":22}},"loc":{"start":{"line":37,"column":4},"end":{"line":37,"column":73}},"line":37},"2":{"name":"(anonymous_2)","decl":{"start":{"line":40,"column":29},"end":{"line":40,"column":30}},"loc":{"start":{"line":40,"column":35},"end":{"line":51,"column":3}},"line":40},"3":{"name":"(anonymous_3)","decl":{"start":{"line":59,"column":22},"end":{"line":59,"column":23}},"loc":{"start":{"line":59,"column":30},"end":{"line":59,"column":38}},"line":59}},"branchMap":{"0":{"loc":{"start":{"line":41,"column":4},"end":{"line":43,"column":5}},"type":"if","locations":[{"start":{"line":41,"column":4},"end":{"line":43,"column":5}},{"start":{},"end":{}}],"line":41},"1":{"loc":{"start":{"line":41,"column":8},"end":{"line":41,"column":33}},"type":"binary-expr","locations":[{"start":{"line":41,"column":8},"end":{"line":41,"column":15}},{"start":{"line":41,"column":19},"end":{"line":41,"column":33}}],"line":41},"2":{"loc":{"start":{"line":44,"column":4},"end":{"line":46,"column":5}},"type":"if","locations":[{"start":{"line":44,"column":4},"end":{"line":46,"column":5}},{"start":{},"end":{}}],"line":44},"3":{"loc":{"start":{"line":47,"column":4},"end":{"line":49,"column":5}},"type":"if","locations":[{"start":{"line":47,"column":4},"end":{"line":49,"column":5}},{"start":{},"end":{}}],"line":47},"4":{"loc":{"start":{"line":47,"column":8},"end":{"line":47,"column":46}},"type":"binary-expr","locations":[{"start":{"line":47,"column":8},"end":{"line":47,"column":16}},{"start":{"line":47,"column":20},"end":{"line":47,"column":26}},{"start":{"line":47,"column":30},"end":{"line":47,"column":46}}],"line":47}},"s":{"0":6,"1":1,"2":0,"3":1,"4":1,"5":0,"6":1,"7":0,"8":1,"9":1,"10":0,"11":1,"12":0,"13":6},"f":{"0":1,"1":0,"2":1,"3":0},"b":{"0":[0,1],"1":[1,0],"2":[0,1],"3":[1,0],"4":[1,1,1]},"_coverageSchema":"1a1c01bbd47fc00a2c39e90264f33305004495a9","hash":"b2e64290f35c25054e2525ef9660c2b1d6b7184f"}
,"/Users/hamdikahloun/Desktop/sendbird/src/components/loadingState/LoadingState.tsx": {"path":"/Users/hamdikahloun/Desktop/sendbird/src/components/loadingState/LoadingState.tsx","statementMap":{"0":{"start":{"line":11,"column":28},"end":{"line":17,"column":1}},"1":{"start":{"line":12,"column":2},"end":{"line":16,"column":4}},"2":{"start":{"line":19,"column":15},"end":{"line":25,"column":2}}},"fnMap":{"0":{"name":"(anonymous_0)","decl":{"start":{"line":11,"column":28},"end":{"line":11,"column":29}},"loc":{"start":{"line":11,"column":34},"end":{"line":17,"column":1}},"line":11}},"branchMap":{},"s":{"0":8,"1":3,"2":8},"f":{"0":3},"b":{},"_coverageSchema":"1a1c01bbd47fc00a2c39e90264f33305004495a9","hash":"e25ccd049bb8e39ebd3ca80b45fcc419fd1a0cdb"}
,"/Users/hamdikahloun/Desktop/sendbird/src/components/loginButton/LoginButton.tsx": {"path":"/Users/hamdikahloun/Desktop/sendbird/src/components/loginButton/LoginButton.tsx","statementMap":{"0":{"start":{"line":16,"column":29},"end":{"line":38,"column":1}},"1":{"start":{"line":21,"column":2},"end":{"line":37,"column":4}},"2":{"start":{"line":40,"column":15},"end":{"line":54,"column":2}},"3":{"start":{"line":63,"column":27},"end":{"line":63,"column":53}}},"fnMap":{"0":{"name":"(anonymous_0)","decl":{"start":{"line":16,"column":29},"end":{"line":16,"column":30}},"loc":{"start":{"line":20,"column":24},"end":{"line":38,"column":1}},"line":20}},"branchMap":{"0":{"loc":{"start":{"line":28,"column":9},"end":{"line":34,"column":9}},"type":"cond-expr","locations":[{"start":{"line":29,"column":10},"end":{"line":29,"column":80}},{"start":{"line":31,"column":10},"end":{"line":33,"column":17}}],"line":28}},"s":{"0":5,"1":8,"2":5,"3":5},"f":{"0":8},"b":{"0":[1,7]},"_coverageSchema":"1a1c01bbd47fc00a2c39e90264f33305004495a9","hash":"ad675736483ee649dcff7c20f145b063fe422e10"}
,"/Users/hamdikahloun/Desktop/sendbird/src/components/message/Message.tsx": {"path":"/Users/hamdikahloun/Desktop/sendbird/src/components/message/Message.tsx","statementMap":{"0":{"start":{"line":10,"column":31},"end":{"line":20,"column":1}},"1":{"start":{"line":11,"column":2},"end":{"line":19,"column":4}},"2":{"start":{"line":32,"column":23},"end":{"line":32,"column":44}}},"fnMap":{"0":{"name":"(anonymous_0)","decl":{"start":{"line":10,"column":31},"end":{"line":10,"column":32}},"loc":{"start":{"line":10,"column":73},"end":{"line":20,"column":1}},"line":10}},"branchMap":{"0":{"loc":{"start":{"line":13,"column":7},"end":{"line":17,"column":7}},"type":"cond-expr","locations":[{"start":{"line":14,"column":8},"end":{"line":14,"column":39}},{"start":{"line":16,"column":8},"end":{"line":16,"column":42}}],"line":13}},"s":{"0":8,"1":1,"2":8},"f":{"0":1},"b":{"0":[0,1]},"_coverageSchema":"1a1c01bbd47fc00a2c39e90264f33305004495a9","hash":"ce1bc87b539d8f1055015dd879f3b695e950b736"}
,"/Users/hamdikahloun/Desktop/sendbird/src/components/message/MyMessage.tsx": {"path":"/Users/hamdikahloun/Desktop/sendbird/src/components/message/MyMessage.tsx","statementMap":{"0":{"start":{"line":8,"column":33},"end":{"line":14,"column":1}},"1":{"start":{"line":9,"column":2},"end":{"line":13,"column":4}},"2":{"start":{"line":16,"column":15},"end":{"line":30,"column":2}},"3":{"start":{"line":42,"column":25},"end":{"line":42,"column":48}}},"fnMap":{"0":{"name":"(anonymous_0)","decl":{"start":{"line":8,"column":33},"end":{"line":8,"column":34}},"loc":{"start":{"line":8,"column":62},"end":{"line":14,"column":1}},"line":8}},"branchMap":{},"s":{"0":9,"1":1,"2":9,"3":9},"f":{"0":1},"b":{},"_coverageSchema":"1a1c01bbd47fc00a2c39e90264f33305004495a9","hash":"921907ae41ff548f079ae5ca2a1b391425c553a9"}
,"/Users/hamdikahloun/Desktop/sendbird/src/components/message/OtherMessage.tsx": {"path":"/Users/hamdikahloun/Desktop/sendbird/src/components/message/OtherMessage.tsx","statementMap":{"0":{"start":{"line":9,"column":36},"end":{"line":18,"column":1}},"1":{"start":{"line":10,"column":2},"end":{"line":17,"column":4}},"2":{"start":{"line":20,"column":15},"end":{"line":37,"column":2}},"3":{"start":{"line":49,"column":28},"end":{"line":49,"column":54}}},"fnMap":{"0":{"name":"(anonymous_0)","decl":{"start":{"line":9,"column":36},"end":{"line":9,"column":37}},"loc":{"start":{"line":9,"column":65},"end":{"line":18,"column":1}},"line":9}},"branchMap":{},"s":{"0":9,"1":2,"2":9,"3":9},"f":{"0":2},"b":{},"_coverageSchema":"1a1c01bbd47fc00a2c39e90264f33305004495a9","hash":"a5cea8f29b92752f1df2013b5548911306f1f703"}
,"/Users/hamdikahloun/Desktop/sendbird/src/components/messageInput/MessageInput.tsx": {"path":"/Users/hamdikahloun/Desktop/sendbird/src/components/messageInput/MessageInput.tsx","statementMap":{"0":{"start":{"line":11,"column":37},"end":{"line":35,"column":1}},"1":{"start":{"line":16,"column":18},"end":{"line":16,"column":28}},"2":{"start":{"line":17,"column":39},"end":{"line":20,"column":3}},"3":{"start":{"line":18,"column":4},"end":{"line":18,"column":34}},"4":{"start":{"line":19,"column":4},"end":{"line":19,"column":35}},"5":{"start":{"line":22,"column":43},"end":{"line":24,"column":3}},"6":{"start":{"line":23,"column":4},"end":{"line":23,"column":41}},"7":{"start":{"line":26,"column":2},"end":{"line":34,"column":4}},"8":{"start":{"line":37,"column":15},"end":{"line":43,"column":2}},"9":{"start":{"line":66,"column":28},"end":{"line":66,"column":55}}},"fnMap":{"0":{"name":"(anonymous_0)","decl":{"start":{"line":11,"column":37},"end":{"line":11,"column":38}},"loc":{"start":{"line":15,"column":25},"end":{"line":35,"column":1}},"line":15},"1":{"name":"(anonymous_1)","decl":{"start":{"line":17,"column":39},"end":{"line":17,"column":40}},"loc":{"start":{"line":17,"column":64},"end":{"line":20,"column":3}},"line":17},"2":{"name":"(anonymous_2)","decl":{"start":{"line":22,"column":43},"end":{"line":22,"column":44}},"loc":{"start":{"line":22,"column":49},"end":{"line":24,"column":3}},"line":22}},"branchMap":{},"s":{"0":7,"1":9,"2":9,"3":0,"4":0,"5":9,"6":0,"7":9,"8":7,"9":7},"f":{"0":9,"1":0,"2":0},"b":{},"_coverageSchema":"1a1c01bbd47fc00a2c39e90264f33305004495a9","hash":"ce08d6f287cfc0af25a1ce5d7f24de977fdccf19"}
,"/Users/hamdikahloun/Desktop/sendbird/src/components/messageInput/MessageTextInput.tsx": {"path":"/Users/hamdikahloun/Desktop/sendbird/src/components/messageInput/MessageTextInput.tsx","statementMap":{"0":{"start":{"line":17,"column":32},"end":{"line":40,"column":1}},"1":{"start":{"line":22,"column":32},"end":{"line":22,"column":44}},"2":{"start":{"line":24,"column":23},"end":{"line":27,"column":3}},"3":{"start":{"line":25,"column":4},"end":{"line":25,"column":21}},"4":{"start":{"line":26,"column":4},"end":{"line":26,"column":28}},"5":{"start":{"line":29,"column":2},"end":{"line":39,"column":4}},"6":{"start":{"line":42,"column":15},"end":{"line":53,"column":2}}},"fnMap":{"0":{"name":"(anonymous_0)","decl":{"start":{"line":17,"column":32},"end":{"line":17,"column":33}},"loc":{"start":{"line":21,"column":29},"end":{"line":40,"column":1}},"line":21},"1":{"name":"(anonymous_1)","decl":{"start":{"line":24,"column":23},"end":{"line":24,"column":24}},"loc":{"start":{"line":24,"column":41},"end":{"line":27,"column":3}},"line":24}},"branchMap":{},"s":{"0":8,"1":10,"2":10,"3":0,"4":0,"5":10,"6":8},"f":{"0":10,"1":0},"b":{},"_coverageSchema":"1a1c01bbd47fc00a2c39e90264f33305004495a9","hash":"54b5343633b896bd43014fe78e838cc10268c4e5"}
,"/Users/hamdikahloun/Desktop/sendbird/src/components/messageInput/SendButton.tsx": {"path":"/Users/hamdikahloun/Desktop/sendbird/src/components/messageInput/SendButton.tsx","statementMap":{"0":{"start":{"line":19,"column":26},"end":{"line":25,"column":1}},"1":{"start":{"line":20,"column":2},"end":{"line":24,"column":4}},"2":{"start":{"line":27,"column":15},"end":{"line":35,"column":2}}},"fnMap":{"0":{"name":"(anonymous_0)","decl":{"start":{"line":19,"column":26},"end":{"line":19,"column":27}},"loc":{"start":{"line":19,"column":70},"end":{"line":25,"column":1}},"line":19}},"branchMap":{},"s":{"0":8,"1":10,"2":8},"f":{"0":10},"b":{},"_coverageSchema":"1a1c01bbd47fc00a2c39e90264f33305004495a9","hash":"c9b160e7d8c5b63bce20354d4c0d2e00bdf42398"}
,"/Users/hamdikahloun/Desktop/sendbird/src/components/messageList/MessageList.tsx": {"path":"/Users/hamdikahloun/Desktop/sendbird/src/components/messageList/MessageList.tsx","statementMap":{"0":{"start":{"line":32,"column":27},"end":{"line":81,"column":1}},"1":{"start":{"line":39,"column":21},"end":{"line":44,"column":3}},"2":{"start":{"line":40,"column":4},"end":{"line":43,"column":6}},"3":{"start":{"line":46,"column":29},"end":{"line":65,"column":3}},"4":{"start":{"line":47,"column":4},"end":{"line":49,"column":5}},"5":{"start":{"line":48,"column":6},"end":{"line":48,"column":30}},"6":{"start":{"line":50,"column":4},"end":{"line":56,"column":5}},"7":{"start":{"line":51,"column":6},"end":{"line":55,"column":8}},"8":{"start":{"line":57,"column":4},"end":{"line":63,"column":5}},"9":{"start":{"line":58,"column":6},"end":{"line":62,"column":8}},"10":{"start":{"line":64,"column":4},"end":{"line":64,"column":20}},"11":{"start":{"line":67,"column":2},"end":{"line":80,"column":4}},"12":{"start":{"line":74,"column":30},"end":{"line":74,"column":55}},"13":{"start":{"line":83,"column":15},"end":{"line":99,"column":2}}},"fnMap":{"0":{"name":"(anonymous_0)","decl":{"start":{"line":32,"column":27},"end":{"line":32,"column":28}},"loc":{"start":{"line":38,"column":24},"end":{"line":81,"column":1}},"line":38},"1":{"name":"(anonymous_1)","decl":{"start":{"line":39,"column":21},"end":{"line":39,"column":22}},"loc":{"start":{"line":40,"column":4},"end":{"line":43,"column":6}},"line":40},"2":{"name":"(anonymous_2)","decl":{"start":{"line":46,"column":29},"end":{"line":46,"column":30}},"loc":{"start":{"line":46,"column":35},"end":{"line":65,"column":3}},"line":46},"3":{"name":"(anonymous_3)","decl":{"start":{"line":74,"column":22},"end":{"line":74,"column":23}},"loc":{"start":{"line":74,"column":30},"end":{"line":74,"column":55}},"line":74}},"branchMap":{"0":{"loc":{"start":{"line":47,"column":4},"end":{"line":49,"column":5}},"type":"if","locations":[{"start":{"line":47,"column":4},"end":{"line":49,"column":5}},{"start":{},"end":{}}],"line":47},"1":{"loc":{"start":{"line":47,"column":8},"end":{"line":47,"column":33}},"type":"binary-expr","locations":[{"start":{"line":47,"column":8},"end":{"line":47,"column":15}},{"start":{"line":47,"column":19},"end":{"line":47,"column":33}}],"line":47},"2":{"loc":{"start":{"line":50,"column":4},"end":{"line":56,"column":5}},"type":"if","locations":[{"start":{"line":50,"column":4},"end":{"line":56,"column":5}},{"start":{},"end":{}}],"line":50},"3":{"loc":{"start":{"line":57,"column":4},"end":{"line":63,"column":5}},"type":"if","locations":[{"start":{"line":57,"column":4},"end":{"line":63,"column":5}},{"start":{},"end":{}}],"line":57},"4":{"loc":{"start":{"line":57,"column":8},"end":{"line":57,"column":46}},"type":"binary-expr","locations":[{"start":{"line":57,"column":8},"end":{"line":57,"column":16}},{"start":{"line":57,"column":20},"end":{"line":57,"column":26}},{"start":{"line":57,"column":30},"end":{"line":57,"column":46}}],"line":57}},"s":{"0":7,"1":9,"2":0,"3":9,"4":9,"5":2,"6":7,"7":4,"8":3,"9":3,"10":0,"11":9,"12":0,"13":7},"f":{"0":9,"1":0,"2":9,"3":0},"b":{"0":[2,7],"1":[9,4],"2":[4,3],"3":[3,0],"4":[3,3,3]},"_coverageSchema":"1a1c01bbd47fc00a2c39e90264f33305004495a9","hash":"e3538795144c6b62b5f039424038fd65357352e5"}
,"/Users/hamdikahloun/Desktop/sendbird/src/components/nicknameInput/NicknameInput.tsx": {"path":"/Users/hamdikahloun/Desktop/sendbird/src/components/nicknameInput/NicknameInput.tsx","statementMap":{"0":{"start":{"line":8,"column":31},"end":{"line":25,"column":1}},"1":{"start":{"line":9,"column":34},"end":{"line":9,"column":52}},"2":{"start":{"line":11,"column":23},"end":{"line":14,"column":3}},"3":{"start":{"line":12,"column":4},"end":{"line":12,"column":22}},"4":{"start":{"line":13,"column":4},"end":{"line":13,"column":27}},"5":{"start":{"line":16,"column":2},"end":{"line":24,"column":4}},"6":{"start":{"line":34,"column":29},"end":{"line":34,"column":57}},"7":{"start":{"line":36,"column":15},"end":{"line":47,"column":2}}},"fnMap":{"0":{"name":"(anonymous_0)","decl":{"start":{"line":8,"column":31},"end":{"line":8,"column":32}},"loc":{"start":{"line":8,"column":75},"end":{"line":25,"column":1}},"line":8},"1":{"name":"(anonymous_1)","decl":{"start":{"line":11,"column":23},"end":{"line":11,"column":24}},"loc":{"start":{"line":11,"column":41},"end":{"line":14,"column":3}},"line":11}},"branchMap":{},"s":{"0":5,"1":5,"2":5,"3":1,"4":1,"5":5,"6":5,"7":5},"f":{"0":5,"1":1},"b":{},"_coverageSchema":"1a1c01bbd47fc00a2c39e90264f33305004495a9","hash":"cb39e93f2fe71d768c5256423852bb2d0567feb9"}
,"/Users/hamdikahloun/Desktop/sendbird/src/components/participant/Participant.tsx": {"path":"/Users/hamdikahloun/Desktop/sendbird/src/components/participant/Participant.tsx","statementMap":{"0":{"start":{"line":10,"column":27},"end":{"line":26,"column":1}},"1":{"start":{"line":14,"column":18},"end":{"line":16,"column":3}},"2":{"start":{"line":15,"column":4},"end":{"line":15,"column":40}},"3":{"start":{"line":17,"column":2},"end":{"line":25,"column":4}},"4":{"start":{"line":28,"column":15},"end":{"line":43,"column":2}}},"fnMap":{"0":{"name":"(anonymous_0)","decl":{"start":{"line":10,"column":27},"end":{"line":10,"column":28}},"loc":{"start":{"line":13,"column":24},"end":{"line":26,"column":1}},"line":13},"1":{"name":"(anonymous_1)","decl":{"start":{"line":14,"column":18},"end":{"line":14,"column":19}},"loc":{"start":{"line":14,"column":24},"end":{"line":16,"column":3}},"line":14}},"branchMap":{},"s":{"0":8,"1":1,"2":0,"3":1,"4":8},"f":{"0":1,"1":0},"b":{},"_coverageSchema":"1a1c01bbd47fc00a2c39e90264f33305004495a9","hash":"69437627b482be4ee6df656f41a4663b50fb33f2"}
,"/Users/hamdikahloun/Desktop/sendbird/src/components/participantList/ParticipantList.tsx": {"path":"/Users/hamdikahloun/Desktop/sendbird/src/components/participantList/ParticipantList.tsx","statementMap":{"0":{"start":{"line":23,"column":31},"end":{"line":44,"column":1}},"1":{"start":{"line":27,"column":21},"end":{"line":32,"column":3}},"2":{"start":{"line":28,"column":4},"end":{"line":31,"column":6}},"3":{"start":{"line":33,"column":2},"end":{"line":43,"column":4}},"4":{"start":{"line":39,"column":30},"end":{"line":39,"column":41}},"5":{"start":{"line":46,"column":15},"end":{"line":52,"column":2}}},"fnMap":{"0":{"name":"(anonymous_0)","decl":{"start":{"line":23,"column":31},"end":{"line":23,"column":32}},"loc":{"start":{"line":26,"column":28},"end":{"line":44,"column":1}},"line":26},"1":{"name":"(anonymous_1)","decl":{"start":{"line":27,"column":21},"end":{"line":27,"column":22}},"loc":{"start":{"line":28,"column":4},"end":{"line":31,"column":6}},"line":28},"2":{"name":"(anonymous_2)","decl":{"start":{"line":39,"column":22},"end":{"line":39,"column":23}},"loc":{"start":{"line":39,"column":30},"end":{"line":39,"column":41}},"line":39}},"branchMap":{},"s":{"0":7,"1":9,"2":0,"3":9,"4":0,"5":7},"f":{"0":9,"1":0,"2":0},"b":{},"_coverageSchema":"1a1c01bbd47fc00a2c39e90264f33305004495a9","hash":"750d8f6f9d16fadaf9eabf05c3d6db5a9b01f092"}
,"/Users/hamdikahloun/Desktop/sendbird/src/containers/ChannelContainer.tsx": {"path":"/Users/hamdikahloun/Desktop/sendbird/src/containers/ChannelContainer.tsx","statementMap":{"0":{"start":{"line":15,"column":32},"end":{"line":87,"column":1}},"1":{"start":{"line":16,"column":30},"end":{"line":16,"column":49}},"2":{"start":{"line":17,"column":17},"end":{"line":17,"column":26}},"3":{"start":{"line":18,"column":60},"end":{"line":18,"column":72}},"4":{"start":{"line":19,"column":2},"end":{"line":19,"column":19}},"5":{"start":{"line":20,"column":2},"end":{"line":20,"column":33}},"6":{"start":{"line":27,"column":6},"end":{"line":27,"column":19}},"7":{"start":{"line":34,"column":6},"end":{"line":34,"column":33}},"8":{"start":{"line":36,"column":45},"end":{"line":36,"column":62}},"9":{"start":{"line":38,"column":4},"end":{"line":38,"column":78}},"10":{"start":{"line":39,"column":16},"end":{"line":39,"column":64}},"11":{"start":{"line":41,"column":2},"end":{"line":44,"column":9}},"12":{"start":{"line":42,"column":4},"end":{"line":42,"column":22}},"13":{"start":{"line":43,"column":4},"end":{"line":43,"column":23}},"14":{"start":{"line":47,"column":2},"end":{"line":49,"column":21}},"15":{"start":{"line":48,"column":4},"end":{"line":48,"column":11}},"16":{"start":{"line":51,"column":15},"end":{"line":59,"column":3}},"17":{"start":{"line":52,"column":4},"end":{"line":58,"column":5}},"18":{"start":{"line":53,"column":40},"end":{"line":53,"column":55}},"19":{"start":{"line":54,"column":6},"end":{"line":54,"column":33}},"20":{"start":{"line":55,"column":6},"end":{"line":55,"column":42}},"21":{"start":{"line":56,"column":6},"end":{"line":56,"column":39}},"22":{"start":{"line":57,"column":6},"end":{"line":57,"column":43}},"23":{"start":{"line":62,"column":30},"end":{"line":65,"column":3}},"24":{"start":{"line":63,"column":4},"end":{"line":63,"column":25}},"25":{"start":{"line":64,"column":4},"end":{"line":64,"column":41}},"26":{"start":{"line":67,"column":23},"end":{"line":69,"column":3}},"27":{"start":{"line":68,"column":4},"end":{"line":68,"column":40}},"28":{"start":{"line":71,"column":2},"end":{"line":86,"column":4}},"29":{"start":{"line":89,"column":15},"end":{"line":95,"column":2}}},"fnMap":{"0":{"name":"(anonymous_0)","decl":{"start":{"line":15,"column":32},"end":{"line":15,"column":33}},"loc":{"start":{"line":15,"column":38},"end":{"line":87,"column":1}},"line":15},"1":{"name":"(anonymous_1)","decl":{"start":{"line":41,"column":12},"end":{"line":41,"column":13}},"loc":{"start":{"line":41,"column":18},"end":{"line":44,"column":3}},"line":41},"2":{"name":"(anonymous_2)","decl":{"start":{"line":47,"column":12},"end":{"line":47,"column":13}},"loc":{"start":{"line":47,"column":18},"end":{"line":49,"column":3}},"line":47},"3":{"name":"(anonymous_3)","decl":{"start":{"line":51,"column":15},"end":{"line":51,"column":16}},"loc":{"start":{"line":51,"column":27},"end":{"line":59,"column":3}},"line":51},"4":{"name":"(anonymous_4)","decl":{"start":{"line":62,"column":30},"end":{"line":62,"column":31}},"loc":{"start":{"line":62,"column":51},"end":{"line":65,"column":3}},"line":62},"5":{"name":"(anonymous_5)","decl":{"start":{"line":67,"column":23},"end":{"line":67,"column":24}},"loc":{"start":{"line":67,"column":29},"end":{"line":69,"column":3}},"line":67}},"branchMap":{"0":{"loc":{"start":{"line":38,"column":4},"end":{"line":38,"column":78}},"type":"binary-expr","locations":[{"start":{"line":38,"column":4},"end":{"line":38,"column":43}},{"start":{"line":38,"column":47},"end":{"line":38,"column":78}}],"line":38},"1":{"loc":{"start":{"line":39,"column":16},"end":{"line":39,"column":64}},"type":"binary-expr","locations":[{"start":{"line":39,"column":16},"end":{"line":39,"column":40}},{"start":{"line":39,"column":44},"end":{"line":39,"column":64}}],"line":39},"2":{"loc":{"start":{"line":52,"column":4},"end":{"line":58,"column":5}},"type":"if","locations":[{"start":{"line":52,"column":4},"end":{"line":58,"column":5}},{"start":{},"end":{}}],"line":52},"3":{"loc":{"start":{"line":52,"column":8},"end":{"line":52,"column":58}},"type":"binary-expr","locations":[{"start":{"line":52,"column":8},"end":{"line":52,"column":27}},{"start":{"line":52,"column":31},"end":{"line":52,"column":58}}],"line":52}},"s":{"0":4,"1":8,"2":8,"3":8,"4":8,"5":8,"6":8,"7":8,"8":8,"9":8,"10":8,"11":8,"12":2,"13":2,"14":8,"15":2,"16":8,"17":2,"18":0,"19":0,"20":0,"21":0,"22":0,"23":8,"24":0,"25":0,"26":8,"27":0,"28":8,"29":4},"f":{"0":8,"1":2,"2":2,"3":2,"4":0,"5":0},"b":{"0":[8,4],"1":[8,4],"2":[0,2],"3":[2,0]},"_coverageSchema":"1a1c01bbd47fc00a2c39e90264f33305004495a9","hash":"f504466fad74943f040bf7f52c1fb16b10f8aaa3"}
,"/Users/hamdikahloun/Desktop/sendbird/src/containers/LoginContainer.tsx": {"path":"/Users/hamdikahloun/Desktop/sendbird/src/containers/LoginContainer.tsx","statementMap":{"0":{"start":{"line":8,"column":30},"end":{"line":27,"column":1}},"1":{"start":{"line":9,"column":33},"end":{"line":9,"column":42}},"2":{"start":{"line":10,"column":34},"end":{"line":10,"column":52}},"3":{"start":{"line":11,"column":18},"end":{"line":11,"column":41}},"4":{"start":{"line":12,"column":19},"end":{"line":12,"column":39}},"5":{"start":{"line":14,"column":16},"end":{"line":17,"column":3}},"6":{"start":{"line":15,"column":4},"end":{"line":15,"column":23}},"7":{"start":{"line":16,"column":4},"end":{"line":16,"column":24}},"8":{"start":{"line":18,"column":2},"end":{"line":26,"column":4}},"9":{"start":{"line":29,"column":15},"end":{"line":49,"column":2}}},"fnMap":{"0":{"name":"(anonymous_0)","decl":{"start":{"line":8,"column":30},"end":{"line":8,"column":31}},"loc":{"start":{"line":8,"column":36},"end":{"line":27,"column":1}},"line":8},"1":{"name":"(anonymous_1)","decl":{"start":{"line":14,"column":16},"end":{"line":14,"column":17}},"loc":{"start":{"line":14,"column":22},"end":{"line":17,"column":3}},"line":14}},"branchMap":{"0":{"loc":{"start":{"line":12,"column":19},"end":{"line":12,"column":39}},"type":"binary-expr","locations":[{"start":{"line":12,"column":19},"end":{"line":12,"column":28}},{"start":{"line":12,"column":32},"end":{"line":12,"column":39}}],"line":12}},"s":{"0":4,"1":3,"2":3,"3":3,"4":3,"5":3,"6":0,"7":0,"8":3,"9":4},"f":{"0":3,"1":0},"b":{"0":[3,0]},"_coverageSchema":"1a1c01bbd47fc00a2c39e90264f33305004495a9","hash":"879d1f1515a724d3a273fcd53e1d0a05f6669b2a"}
,"/Users/hamdikahloun/Desktop/sendbird/src/hooks/useChannel.ts": {"path":"/Users/hamdikahloun/Desktop/sendbird/src/hooks/useChannel.ts","statementMap":{"0":{"start":{"line":11,"column":26},"end":{"line":40,"column":1}},"1":{"start":{"line":12,"column":13},"end":{"line":12,"column":35}},"2":{"start":{"line":13,"column":22},"end":{"line":13,"column":63}},"3":{"start":{"line":14,"column":23},"end":{"line":14,"column":54}},"4":{"start":{"line":15,"column":19},"end":{"line":15,"column":32}},"5":{"start":{"line":17,"column":22},"end":{"line":28,"column":3}},"6":{"start":{"line":18,"column":4},"end":{"line":20,"column":5}},"7":{"start":{"line":19,"column":6},"end":{"line":19,"column":13}},"8":{"start":{"line":21,"column":19},"end":{"line":21,"column":45}},"9":{"start":{"line":22,"column":4},"end":{"line":22,"column":29}},"10":{"start":{"line":23,"column":4},"end":{"line":27,"column":7}},"11":{"start":{"line":24,"column":6},"end":{"line":26,"column":7}},"12":{"start":{"line":25,"column":8},"end":{"line":25,"column":44}},"13":{"start":{"line":30,"column":32},"end":{"line":32,"column":3}},"14":{"start":{"line":31,"column":4},"end":{"line":31,"column":41}},"15":{"start":{"line":34,"column":2},"end":{"line":39,"column":4}}},"fnMap":{"0":{"name":"(anonymous_0)","decl":{"start":{"line":11,"column":26},"end":{"line":11,"column":27}},"loc":{"start":{"line":11,"column":32},"end":{"line":40,"column":1}},"line":11},"1":{"name":"(anonymous_1)","decl":{"start":{"line":17,"column":22},"end":{"line":17,"column":23}},"loc":{"start":{"line":17,"column":43},"end":{"line":28,"column":3}},"line":17},"2":{"name":"(anonymous_2)","decl":{"start":{"line":23,"column":40},"end":{"line":23,"column":41}},"loc":{"start":{"line":23,"column":61},"end":{"line":27,"column":5}},"line":23},"3":{"name":"(anonymous_3)","decl":{"start":{"line":30,"column":32},"end":{"line":30,"column":33}},"loc":{"start":{"line":30,"column":73},"end":{"line":32,"column":3}},"line":30}},"branchMap":{"0":{"loc":{"start":{"line":18,"column":4},"end":{"line":20,"column":5}},"type":"if","locations":[{"start":{"line":18,"column":4},"end":{"line":20,"column":5}},{"start":{},"end":{}}],"line":18},"1":{"loc":{"start":{"line":24,"column":6},"end":{"line":26,"column":7}},"type":"if","locations":[{"start":{"line":24,"column":6},"end":{"line":26,"column":7}},{"start":{},"end":{}}],"line":24}},"s":{"0":5,"1":8,"2":8,"3":8,"4":8,"5":8,"6":0,"7":0,"8":0,"9":0,"10":0,"11":0,"12":0,"13":8,"14":0,"15":8},"f":{"0":8,"1":0,"2":0,"3":0},"b":{"0":[0,0],"1":[0,0]},"_coverageSchema":"1a1c01bbd47fc00a2c39e90264f33305004495a9","hash":"44d4a329a66719117c6ca271d4f978c28d4684bb"}
,"/Users/hamdikahloun/Desktop/sendbird/src/hooks/useChannelHandler.ts": {"path":"/Users/hamdikahloun/Desktop/sendbird/src/hooks/useChannelHandler.ts","statementMap":{"0":{"start":{"line":5,"column":33},"end":{"line":41,"column":1}},"1":{"start":{"line":6,"column":13},"end":{"line":6,"column":35}},"2":{"start":{"line":7,"column":23},"end":{"line":7,"column":50}},"3":{"start":{"line":8,"column":37},"end":{"line":8,"column":54}},"4":{"start":{"line":9,"column":25},"end":{"line":9,"column":48}},"5":{"start":{"line":11,"column":2},"end":{"line":18,"column":4}},"6":{"start":{"line":12,"column":4},"end":{"line":17,"column":5}},"7":{"start":{"line":16,"column":6},"end":{"line":16,"column":25}},"8":{"start":{"line":20,"column":2},"end":{"line":24,"column":4}},"9":{"start":{"line":21,"column":4},"end":{"line":23,"column":5}},"10":{"start":{"line":22,"column":6},"end":{"line":22,"column":41}},"11":{"start":{"line":26,"column":2},"end":{"line":29,"column":4}},"12":{"start":{"line":27,"column":4},"end":{"line":28,"column":5}},"13":{"start":{"line":31,"column":2},"end":{"line":35,"column":4}},"14":{"start":{"line":32,"column":4},"end":{"line":34,"column":5}},"15":{"start":{"line":33,"column":6},"end":{"line":33,"column":23}},"16":{"start":{"line":37,"column":2},"end":{"line":40,"column":16}},"17":{"start":{"line":38,"column":4},"end":{"line":38,"column":62}},"18":{"start":{"line":39,"column":4},"end":{"line":39,"column":62}},"19":{"start":{"line":39,"column":17},"end":{"line":39,"column":61}}},"fnMap":{"0":{"name":"(anonymous_0)","decl":{"start":{"line":5,"column":33},"end":{"line":5,"column":34}},"loc":{"start":{"line":5,"column":59},"end":{"line":41,"column":1}},"line":5},"1":{"name":"(anonymous_1)","decl":{"start":{"line":11,"column":33},"end":{"line":11,"column":34}},"loc":{"start":{"line":11,"column":58},"end":{"line":18,"column":3}},"line":11},"2":{"name":"(anonymous_2)","decl":{"start":{"line":20,"column":37},"end":{"line":20,"column":38}},"loc":{"start":{"line":20,"column":65},"end":{"line":24,"column":3}},"line":20},"3":{"name":"(anonymous_3)","decl":{"start":{"line":26,"column":36},"end":{"line":26,"column":37}},"loc":{"start":{"line":26,"column":53},"end":{"line":29,"column":3}},"line":26},"4":{"name":"(anonymous_4)","decl":{"start":{"line":31,"column":30},"end":{"line":31,"column":31}},"loc":{"start":{"line":31,"column":55},"end":{"line":35,"column":3}},"line":31},"5":{"name":"(anonymous_5)","decl":{"start":{"line":37,"column":12},"end":{"line":37,"column":13}},"loc":{"start":{"line":37,"column":18},"end":{"line":40,"column":3}},"line":37},"6":{"name":"(anonymous_6)","decl":{"start":{"line":39,"column":11},"end":{"line":39,"column":12}},"loc":{"start":{"line":39,"column":17},"end":{"line":39,"column":61}},"line":39}},"branchMap":{"0":{"loc":{"start":{"line":12,"column":4},"end":{"line":17,"column":5}},"type":"if","locations":[{"start":{"line":12,"column":4},"end":{"line":17,"column":5}},{"start":{},"end":{}}],"line":12},"1":{"loc":{"start":{"line":13,"column":6},"end":{"line":14,"column":43}},"type":"binary-expr","locations":[{"start":{"line":13,"column":6},"end":{"line":13,"column":39}},{"start":{"line":14,"column":6},"end":{"line":14,"column":43}}],"line":13},"2":{"loc":{"start":{"line":21,"column":4},"end":{"line":23,"column":5}},"type":"if","locations":[{"start":{"line":21,"column":4},"end":{"line":23,"column":5}},{"start":{},"end":{}}],"line":21},"3":{"loc":{"start":{"line":27,"column":4},"end":{"line":28,"column":5}},"type":"if","locations":[{"start":{"line":27,"column":4},"end":{"line":28,"column":5}},{"start":{},"end":{}}],"line":27},"4":{"loc":{"start":{"line":32,"column":4},"end":{"line":34,"column":5}},"type":"if","locations":[{"start":{"line":32,"column":4},"end":{"line":34,"column":5}},{"start":{},"end":{}}],"line":32}},"s":{"0":5,"1":8,"2":8,"3":8,"4":8,"5":8,"6":0,"7":0,"8":8,"9":0,"10":0,"11":8,"12":0,"13":8,"14":0,"15":0,"16":8,"17":2,"18":2,"19":2},"f":{"0":8,"1":0,"2":0,"3":0,"4":0,"5":2,"6":2},"b":{"0":[0,0],"1":[0,0],"2":[0,0],"3":[0,0],"4":[0,0]},"_coverageSchema":"1a1c01bbd47fc00a2c39e90264f33305004495a9","hash":"ab321e235cc004b84f1204e9969dc1e4952ed007"}
,"/Users/hamdikahloun/Desktop/sendbird/src/hooks/useChannels.ts": {"path":"/Users/hamdikahloun/Desktop/sendbird/src/hooks/useChannels.ts","statementMap":{"0":{"start":{"line":16,"column":27},"end":{"line":73,"column":1}},"1":{"start":{"line":17,"column":13},"end":{"line":17,"column":35}},"2":{"start":{"line":18,"column":23},"end":{"line":18,"column":67}},"3":{"start":{"line":19,"column":24},"end":{"line":19,"column":68}},"4":{"start":{"line":20,"column":28},"end":{"line":20,"column":64}},"5":{"start":{"line":21,"column":31},"end":{"line":21,"column":70}},"6":{"start":{"line":22,"column":16},"end":{"line":22,"column":53}},"7":{"start":{"line":23,"column":21},"end":{"line":23,"column":59}},"8":{"start":{"line":24,"column":19},"end":{"line":24,"column":32}},"9":{"start":{"line":26,"column":27},"end":{"line":36,"column":3}},"10":{"start":{"line":27,"column":4},"end":{"line":35,"column":5}},"11":{"start":{"line":28,"column":6},"end":{"line":28,"column":59}},"12":{"start":{"line":30,"column":6},"end":{"line":34,"column":7}},"13":{"start":{"line":31,"column":8},"end":{"line":31,"column":58}},"14":{"start":{"line":33,"column":8},"end":{"line":33,"column":69}},"15":{"start":{"line":38,"column":26},"end":{"line":48,"column":3}},"16":{"start":{"line":39,"column":4},"end":{"line":47,"column":5}},"17":{"start":{"line":40,"column":6},"end":{"line":40,"column":57}},"18":{"start":{"line":42,"column":6},"end":{"line":46,"column":7}},"19":{"start":{"line":43,"column":8},"end":{"line":43,"column":52}},"20":{"start":{"line":45,"column":8},"end":{"line":45,"column":67}},"21":{"start":{"line":50,"column":37},"end":{"line":54,"column":3}},"22":{"start":{"line":51,"column":21},"end":{"line":51,"column":64}},"23":{"start":{"line":52,"column":4},"end":{"line":52,"column":29}},"24":{"start":{"line":53,"column":4},"end":{"line":53,"column":20}},"25":{"start":{"line":56,"column":38},"end":{"line":60,"column":3}},"26":{"start":{"line":57,"column":21},"end":{"line":57,"column":68}},"27":{"start":{"line":58,"column":4},"end":{"line":58,"column":34}},"28":{"start":{"line":59,"column":4},"end":{"line":59,"column":20}},"29":{"start":{"line":62,"column":2},"end":{"line":72,"column":4}}},"fnMap":{"0":{"name":"(anonymous_0)","decl":{"start":{"line":16,"column":27},"end":{"line":16,"column":28}},"loc":{"start":{"line":16,"column":33},"end":{"line":73,"column":1}},"line":16},"1":{"name":"(anonymous_1)","decl":{"start":{"line":26,"column":27},"end":{"line":26,"column":28}},"loc":{"start":{"line":26,"column":78},"end":{"line":36,"column":3}},"line":26},"2":{"name":"(anonymous_2)","decl":{"start":{"line":38,"column":26},"end":{"line":38,"column":27}},"loc":{"start":{"line":38,"column":75},"end":{"line":48,"column":3}},"line":38},"3":{"name":"(anonymous_3)","decl":{"start":{"line":50,"column":37},"end":{"line":50,"column":38}},"loc":{"start":{"line":50,"column":43},"end":{"line":54,"column":3}},"line":50},"4":{"name":"(anonymous_4)","decl":{"start":{"line":56,"column":38},"end":{"line":56,"column":39}},"loc":{"start":{"line":56,"column":44},"end":{"line":60,"column":3}},"line":56}},"branchMap":{"0":{"loc":{"start":{"line":27,"column":4},"end":{"line":35,"column":5}},"type":"if","locations":[{"start":{"line":27,"column":4},"end":{"line":35,"column":5}},{"start":{"line":29,"column":11},"end":{"line":35,"column":5}}],"line":27},"1":{"loc":{"start":{"line":30,"column":6},"end":{"line":34,"column":7}},"type":"if","locations":[{"start":{"line":30,"column":6},"end":{"line":34,"column":7}},{"start":{"line":32,"column":13},"end":{"line":34,"column":7}}],"line":30},"2":{"loc":{"start":{"line":39,"column":4},"end":{"line":47,"column":5}},"type":"if","locations":[{"start":{"line":39,"column":4},"end":{"line":47,"column":5}},{"start":{"line":41,"column":11},"end":{"line":47,"column":5}}],"line":39},"3":{"loc":{"start":{"line":42,"column":6},"end":{"line":46,"column":7}},"type":"if","locations":[{"start":{"line":42,"column":6},"end":{"line":46,"column":7}},{"start":{"line":44,"column":13},"end":{"line":46,"column":7}}],"line":42}},"s":{"0":4,"1":8,"2":8,"3":8,"4":8,"5":8,"6":8,"7":8,"8":8,"9":8,"10":2,"11":0,"12":2,"13":0,"14":2,"15":8,"16":2,"17":0,"18":2,"19":0,"20":2,"21":8,"22":2,"23":2,"24":2,"25":8,"26":2,"27":2,"28":2,"29":8},"f":{"0":8,"1":2,"2":2,"3":2,"4":2},"b":{"0":[0,2],"1":[0,2],"2":[0,2],"3":[0,2]},"_coverageSchema":"1a1c01bbd47fc00a2c39e90264f33305004495a9","hash":"bbd1b1103b7b226ea8cd4e712b7ac475f6dc5718"}
,"/Users/hamdikahloun/Desktop/sendbird/src/hooks/useMessages.ts": {"path":"/Users/hamdikahloun/Desktop/sendbird/src/hooks/useMessages.ts","statementMap":{"0":{"start":{"line":8,"column":41},"end":{"line":51,"column":1}},"1":{"start":{"line":9,"column":30},"end":{"line":9,"column":68}},"2":{"start":{"line":10,"column":36},"end":{"line":10,"column":67}},"3":{"start":{"line":11,"column":35},"end":{"line":11,"column":74}},"4":{"start":{"line":12,"column":16},"end":{"line":12,"column":57}},"5":{"start":{"line":13,"column":19},"end":{"line":13,"column":32}},"6":{"start":{"line":15,"column":33},"end":{"line":32,"column":3}},"7":{"start":{"line":19,"column":4},"end":{"line":31,"column":5}},"8":{"start":{"line":20,"column":6},"end":{"line":20,"column":68}},"9":{"start":{"line":22,"column":6},"end":{"line":30,"column":7}},"10":{"start":{"line":23,"column":8},"end":{"line":23,"column":59}},"11":{"start":{"line":25,"column":8},"end":{"line":29,"column":10}},"12":{"start":{"line":34,"column":41},"end":{"line":38,"column":3}},"13":{"start":{"line":35,"column":21},"end":{"line":35,"column":65}},"14":{"start":{"line":36,"column":4},"end":{"line":36,"column":29}},"15":{"start":{"line":37,"column":4},"end":{"line":37,"column":20}},"16":{"start":{"line":40,"column":21},"end":{"line":42,"column":3}},"17":{"start":{"line":41,"column":4},"end":{"line":41,"column":37}},"18":{"start":{"line":43,"column":2},"end":{"line":50,"column":4}}},"fnMap":{"0":{"name":"(anonymous_0)","decl":{"start":{"line":8,"column":41},"end":{"line":8,"column":42}},"loc":{"start":{"line":8,"column":47},"end":{"line":51,"column":1}},"line":8},"1":{"name":"(anonymous_1)","decl":{"start":{"line":15,"column":33},"end":{"line":15,"column":34}},"loc":{"start":{"line":18,"column":7},"end":{"line":32,"column":3}},"line":18},"2":{"name":"(anonymous_2)","decl":{"start":{"line":34,"column":41},"end":{"line":34,"column":42}},"loc":{"start":{"line":34,"column":71},"end":{"line":38,"column":3}},"line":34},"3":{"name":"(anonymous_3)","decl":{"start":{"line":40,"column":21},"end":{"line":40,"column":22}},"loc":{"start":{"line":40,"column":47},"end":{"line":42,"column":3}},"line":40}},"branchMap":{"0":{"loc":{"start":{"line":19,"column":4},"end":{"line":31,"column":5}},"type":"if","locations":[{"start":{"line":19,"column":4},"end":{"line":31,"column":5}},{"start":{"line":21,"column":11},"end":{"line":31,"column":5}}],"line":19},"1":{"loc":{"start":{"line":22,"column":6},"end":{"line":30,"column":7}},"type":"if","locations":[{"start":{"line":22,"column":6},"end":{"line":30,"column":7}},{"start":{"line":24,"column":13},"end":{"line":30,"column":7}}],"line":22}},"s":{"0":5,"1":16,"2":16,"3":16,"4":16,"5":16,"6":16,"7":0,"8":0,"9":0,"10":0,"11":0,"12":16,"13":0,"14":0,"15":0,"16":16,"17":0,"18":16},"f":{"0":16,"1":0,"2":0,"3":0},"b":{"0":[0,0],"1":[0,0]},"_coverageSchema":"1a1c01bbd47fc00a2c39e90264f33305004495a9","hash":"b1ecc799259749ab302c38c4911f83b75aead47e"}
,"/Users/hamdikahloun/Desktop/sendbird/src/hooks/useParticipants.ts": {"path":"/Users/hamdikahloun/Desktop/sendbird/src/hooks/useParticipants.ts","statementMap":{"0":{"start":{"line":13,"column":31},"end":{"line":58,"column":1}},"1":{"start":{"line":14,"column":23},"end":{"line":14,"column":54}},"2":{"start":{"line":15,"column":28},"end":{"line":15,"column":64}},"3":{"start":{"line":16,"column":28},"end":{"line":16,"column":64}},"4":{"start":{"line":17,"column":16},"end":{"line":17,"column":53}},"5":{"start":{"line":18,"column":19},"end":{"line":18,"column":32}},"6":{"start":{"line":20,"column":29},"end":{"line":33,"column":3}},"7":{"start":{"line":24,"column":4},"end":{"line":32,"column":5}},"8":{"start":{"line":25,"column":6},"end":{"line":25,"column":54}},"9":{"start":{"line":27,"column":6},"end":{"line":31,"column":7}},"10":{"start":{"line":28,"column":8},"end":{"line":28,"column":49}},"11":{"start":{"line":30,"column":8},"end":{"line":30,"column":75}},"12":{"start":{"line":35,"column":37},"end":{"line":39,"column":3}},"13":{"start":{"line":36,"column":21},"end":{"line":36,"column":61}},"14":{"start":{"line":37,"column":4},"end":{"line":37,"column":29}},"15":{"start":{"line":38,"column":4},"end":{"line":38,"column":20}},"16":{"start":{"line":41,"column":23},"end":{"line":43,"column":3}},"17":{"start":{"line":42,"column":4},"end":{"line":42,"column":38}},"18":{"start":{"line":45,"column":21},"end":{"line":47,"column":3}},"19":{"start":{"line":46,"column":4},"end":{"line":46,"column":38}},"20":{"start":{"line":49,"column":2},"end":{"line":57,"column":4}}},"fnMap":{"0":{"name":"(anonymous_0)","decl":{"start":{"line":13,"column":31},"end":{"line":13,"column":32}},"loc":{"start":{"line":13,"column":37},"end":{"line":58,"column":1}},"line":13},"1":{"name":"(anonymous_1)","decl":{"start":{"line":20,"column":29},"end":{"line":20,"column":30}},"loc":{"start":{"line":23,"column":7},"end":{"line":33,"column":3}},"line":23},"2":{"name":"(anonymous_2)","decl":{"start":{"line":35,"column":37},"end":{"line":35,"column":38}},"loc":{"start":{"line":35,"column":67},"end":{"line":39,"column":3}},"line":35},"3":{"name":"(anonymous_3)","decl":{"start":{"line":41,"column":23},"end":{"line":41,"column":24}},"loc":{"start":{"line":41,"column":39},"end":{"line":43,"column":3}},"line":41},"4":{"name":"(anonymous_4)","decl":{"start":{"line":45,"column":21},"end":{"line":45,"column":22}},"loc":{"start":{"line":45,"column":37},"end":{"line":47,"column":3}},"line":45}},"branchMap":{"0":{"loc":{"start":{"line":24,"column":4},"end":{"line":32,"column":5}},"type":"if","locations":[{"start":{"line":24,"column":4},"end":{"line":32,"column":5}},{"start":{"line":26,"column":11},"end":{"line":32,"column":5}}],"line":24},"1":{"loc":{"start":{"line":27,"column":6},"end":{"line":31,"column":7}},"type":"if","locations":[{"start":{"line":27,"column":6},"end":{"line":31,"column":7}},{"start":{"line":29,"column":13},"end":{"line":31,"column":7}}],"line":27}},"s":{"0":5,"1":16,"2":16,"3":16,"4":16,"5":16,"6":16,"7":0,"8":0,"9":0,"10":0,"11":0,"12":16,"13":0,"14":0,"15":0,"16":16,"17":0,"18":16,"19":0,"20":16},"f":{"0":16,"1":0,"2":0,"3":0,"4":0},"b":{"0":[0,0],"1":[0,0]},"_coverageSchema":"1a1c01bbd47fc00a2c39e90264f33305004495a9","hash":"7fe11ec0d137ec8af044c2c4b8d391e9d3680180"}
,"/Users/hamdikahloun/Desktop/sendbird/src/hooks/useStateChange.ts": {"path":"/Users/hamdikahloun/Desktop/sendbird/src/hooks/useStateChange.ts","statementMap":{"0":{"start":{"line":5,"column":30},"end":{"line":18,"column":1}},"1":{"start":{"line":6,"column":28},"end":{"line":12,"column":3}},"2":{"start":{"line":7,"column":4},"end":{"line":11,"column":5}},"3":{"start":{"line":8,"column":6},"end":{"line":8,"column":50}},"4":{"start":{"line":10,"column":6},"end":{"line":10,"column":50}},"5":{"start":{"line":14,"column":2},"end":{"line":17,"column":9}},"6":{"start":{"line":15,"column":21},"end":{"line":15,"column":75}},"7":{"start":{"line":16,"column":4},"end":{"line":16,"column":35}},"8":{"start":{"line":16,"column":17},"end":{"line":16,"column":34}}},"fnMap":{"0":{"name":"(anonymous_0)","decl":{"start":{"line":5,"column":30},"end":{"line":5,"column":31}},"loc":{"start":{"line":5,"column":36},"end":{"line":18,"column":1}},"line":5},"1":{"name":"(anonymous_1)","decl":{"start":{"line":6,"column":28},"end":{"line":6,"column":29}},"loc":{"start":{"line":6,"column":58},"end":{"line":12,"column":3}},"line":6},"2":{"name":"(anonymous_2)","decl":{"start":{"line":14,"column":12},"end":{"line":14,"column":13}},"loc":{"start":{"line":14,"column":18},"end":{"line":17,"column":3}},"line":14},"3":{"name":"(anonymous_3)","decl":{"start":{"line":16,"column":11},"end":{"line":16,"column":12}},"loc":{"start":{"line":16,"column":17},"end":{"line":16,"column":34}},"line":16}},"branchMap":{"0":{"loc":{"start":{"line":7,"column":4},"end":{"line":11,"column":5}},"type":"if","locations":[{"start":{"line":7,"column":4},"end":{"line":11,"column":5}},{"start":{"line":9,"column":11},"end":{"line":11,"column":5}}],"line":7}},"s":{"0":5,"1":8,"2":0,"3":0,"4":0,"5":8,"6":2,"7":2,"8":2},"f":{"0":8,"1":0,"2":2,"3":2},"b":{"0":[0,0]},"_coverageSchema":"1a1c01bbd47fc00a2c39e90264f33305004495a9","hash":"553f51cfae9074984c44f4bd8777c38a557bad03"}
,"/Users/hamdikahloun/Desktop/sendbird/src/hooks/useUser.ts": {"path":"/Users/hamdikahloun/Desktop/sendbird/src/hooks/useUser.ts","statementMap":{"0":{"start":{"line":11,"column":23},"end":{"line":27,"column":1}},"1":{"start":{"line":12,"column":15},"end":{"line":12,"column":46}},"2":{"start":{"line":13,"column":20},"end":{"line":13,"column":48}},"3":{"start":{"line":14,"column":20},"end":{"line":14,"column":49}},"4":{"start":{"line":15,"column":21},"end":{"line":15,"column":50}},"5":{"start":{"line":16,"column":19},"end":{"line":16,"column":32}},"6":{"start":{"line":18,"column":20},"end":{"line":20,"column":3}},"7":{"start":{"line":19,"column":4},"end":{"line":19,"column":30}},"8":{"start":{"line":22,"column":21},"end":{"line":24,"column":3}},"9":{"start":{"line":23,"column":4},"end":{"line":23,"column":31}},"10":{"start":{"line":26,"column":2},"end":{"line":26,"column":73}}},"fnMap":{"0":{"name":"(anonymous_0)","decl":{"start":{"line":11,"column":23},"end":{"line":11,"column":24}},"loc":{"start":{"line":11,"column":29},"end":{"line":27,"column":1}},"line":11},"1":{"name":"(anonymous_1)","decl":{"start":{"line":18,"column":20},"end":{"line":18,"column":21}},"loc":{"start":{"line":18,"column":42},"end":{"line":20,"column":3}},"line":18},"2":{"name":"(anonymous_2)","decl":{"start":{"line":22,"column":21},"end":{"line":22,"column":22}},"loc":{"start":{"line":22,"column":27},"end":{"line":24,"column":3}},"line":22}},"branchMap":{},"s":{"0":5,"1":11,"2":11,"3":11,"4":11,"5":11,"6":11,"7":0,"8":11,"9":0,"10":11},"f":{"0":11,"1":0,"2":0},"b":{},"_coverageSchema":"1a1c01bbd47fc00a2c39e90264f33305004495a9","hash":"4b4eacbbf733c29012f625e575449ffd3b79b028"}
,"/Users/hamdikahloun/Desktop/sendbird/src/navigators/AppNavigator.tsx": {"path":"/Users/hamdikahloun/Desktop/sendbird/src/navigators/AppNavigator.tsx","statementMap":{"0":{"start":{"line":11,"column":14},"end":{"line":11,"column":42}},"1":{"start":{"line":13,"column":28},"end":{"line":28,"column":1}},"2":{"start":{"line":14,"column":21},"end":{"line":14,"column":50}},"3":{"start":{"line":16,"column":2},"end":{"line":27,"column":4}}},"fnMap":{"0":{"name":"(anonymous_0)","decl":{"start":{"line":13,"column":28},"end":{"line":13,"column":29}},"loc":{"start":{"line":13,"column":34},"end":{"line":28,"column":1}},"line":13}},"branchMap":{"0":{"loc":{"start":{"line":20,"column":9},"end":{"line":24,"column":9}},"type":"cond-expr","locations":[{"start":{"line":21,"column":10},"end":{"line":21,"column":64}},{"start":{"line":23,"column":10},"end":{"line":23,"column":66}}],"line":20}},"s":{"0":2,"1":2,"2":2,"3":2},"f":{"0":2},"b":{"0":[0,2]},"_coverageSchema":"1a1c01bbd47fc00a2c39e90264f33305004495a9","hash":"eed871301c8f4d61125b23c679fa762f3d4ea017"}
,"/Users/hamdikahloun/Desktop/sendbird/src/navigators/MainNavigator.tsx": {"path":"/Users/hamdikahloun/Desktop/sendbird/src/navigators/MainNavigator.tsx","statementMap":{"0":{"start":{"line":5,"column":14},"end":{"line":5,"column":42}},"1":{"start":{"line":7,"column":22},"end":{"line":13,"column":1}},"2":{"start":{"line":8,"column":2},"end":{"line":12,"column":4}}},"fnMap":{"0":{"name":"(anonymous_0)","decl":{"start":{"line":7,"column":22},"end":{"line":7,"column":23}},"loc":{"start":{"line":7,"column":28},"end":{"line":13,"column":1}},"line":7}},"branchMap":{},"s":{"0":3,"1":3,"2":1},"f":{"0":1},"b":{},"_coverageSchema":"1a1c01bbd47fc00a2c39e90264f33305004495a9","hash":"88f6cf227c3df1d7a7e811b97954ac81200f60ec"}
,"/Users/hamdikahloun/Desktop/sendbird/src/navigators/utils.ts": {"path":"/Users/hamdikahloun/Desktop/sendbird/src/navigators/utils.ts","statementMap":{"0":{"start":{"line":18,"column":29},"end":{"line":18,"column":79}},"1":{"start":{"line":21,"column":2},"end":{"line":23,"column":3}},"2":{"start":{"line":22,"column":4},"end":{"line":22,"column":41}},"3":{"start":{"line":27,"column":2},"end":{"line":34,"column":3}},"4":{"start":{"line":28,"column":4},"end":{"line":33,"column":6}},"5":{"start":{"line":38,"column":2},"end":{"line":45,"column":3}},"6":{"start":{"line":39,"column":4},"end":{"line":44,"column":6}}},"fnMap":{"0":{"name":"navigate","decl":{"start":{"line":20,"column":16},"end":{"line":20,"column":24}},"loc":{"start":{"line":20,"column":70},"end":{"line":24,"column":1}},"line":20},"1":{"name":"navigateAndReset","decl":{"start":{"line":26,"column":16},"end":{"line":26,"column":32}},"loc":{"start":{"line":26,"column":57},"end":{"line":35,"column":1}},"line":26},"2":{"name":"navigateAndSimpleReset","decl":{"start":{"line":37,"column":16},"end":{"line":37,"column":38}},"loc":{"start":{"line":37,"column":64},"end":{"line":46,"column":1}},"line":37}},"branchMap":{"0":{"loc":{"start":{"line":21,"column":2},"end":{"line":23,"column":3}},"type":"if","locations":[{"start":{"line":21,"column":2},"end":{"line":23,"column":3}},{"start":{},"end":{}}],"line":21},"1":{"loc":{"start":{"line":26,"column":33},"end":{"line":26,"column":44}},"type":"default-arg","locations":[{"start":{"line":26,"column":42},"end":{"line":26,"column":44}}],"line":26},"2":{"loc":{"start":{"line":26,"column":46},"end":{"line":26,"column":55}},"type":"default-arg","locations":[{"start":{"line":26,"column":54},"end":{"line":26,"column":55}}],"line":26},"3":{"loc":{"start":{"line":27,"column":2},"end":{"line":34,"column":3}},"type":"if","locations":[{"start":{"line":27,"column":2},"end":{"line":34,"column":3}},{"start":{},"end":{}}],"line":27},"4":{"loc":{"start":{"line":37,"column":53},"end":{"line":37,"column":62}},"type":"default-arg","locations":[{"start":{"line":37,"column":61},"end":{"line":37,"column":62}}],"line":37},"5":{"loc":{"start":{"line":38,"column":2},"end":{"line":45,"column":3}},"type":"if","locations":[{"start":{"line":38,"column":2},"end":{"line":45,"column":3}},{"start":{},"end":{}}],"line":38}},"s":{"0":2,"1":0,"2":0,"3":0,"4":0,"5":0,"6":0},"f":{"0":0,"1":0,"2":0},"b":{"0":[0,0],"1":[0],"2":[0],"3":[0,0],"4":[0],"5":[0,0]},"_coverageSchema":"1a1c01bbd47fc00a2c39e90264f33305004495a9","hash":"390e384d96b9cf97dff92d49c7d50ccedd2b85c0"}
,"/Users/hamdikahloun/Desktop/sendbird/src/services/channelService.ts": {"path":"/Users/hamdikahloun/Desktop/sendbird/src/services/channelService.ts","statementMap":{"0":{"start":{"line":4,"column":41},"end":{"line":13,"column":1}},"1":{"start":{"line":7,"column":2},"end":{"line":12,"column":3}},"2":{"start":{"line":8,"column":28},"end":{"line":8,"column":61}},"3":{"start":{"line":9,"column":4},"end":{"line":9,"column":27}},"4":{"start":{"line":11,"column":4},"end":{"line":11,"column":14}},"5":{"start":{"line":15,"column":34},"end":{"line":18,"column":1}},"6":{"start":{"line":20,"column":35},"end":{"line":30,"column":1}},"7":{"start":{"line":23,"column":4},"end":{"line":28,"column":5}},"8":{"start":{"line":24,"column":31},"end":{"line":24,"column":65}},"9":{"start":{"line":25,"column":6},"end":{"line":25,"column":59}},"10":{"start":{"line":25,"column":45},"end":{"line":25,"column":57}},"11":{"start":{"line":27,"column":6},"end":{"line":27,"column":16}}},"fnMap":{"0":{"name":"(anonymous_0)","decl":{"start":{"line":4,"column":41},"end":{"line":4,"column":42}},"loc":{"start":{"line":6,"column":5},"end":{"line":13,"column":1}},"line":6},"1":{"name":"(anonymous_1)","decl":{"start":{"line":22,"column":2},"end":{"line":22,"column":3}},"loc":{"start":{"line":22,"column":58},"end":{"line":29,"column":3}},"line":22},"2":{"name":"(anonymous_2)","decl":{"start":{"line":25,"column":34},"end":{"line":25,"column":35}},"loc":{"start":{"line":25,"column":45},"end":{"line":25,"column":57}},"line":25}},"branchMap":{"0":{"loc":{"start":{"line":7,"column":2},"end":{"line":12,"column":3}},"type":"if","locations":[{"start":{"line":7,"column":2},"end":{"line":12,"column":3}},{"start":{"line":10,"column":9},"end":{"line":12,"column":3}}],"line":7},"1":{"loc":{"start":{"line":23,"column":4},"end":{"line":28,"column":5}},"type":"if","locations":[{"start":{"line":23,"column":4},"end":{"line":28,"column":5}},{"start":{"line":26,"column":11},"end":{"line":28,"column":5}}],"line":23}},"s":{"0":25,"1":3,"2":0,"3":0,"4":1,"5":25,"6":25,"7":3,"8":0,"9":0,"10":0,"11":1},"f":{"0":3,"1":3,"2":0},"b":{"0":[0,1],"1":[0,1]},"_coverageSchema":"1a1c01bbd47fc00a2c39e90264f33305004495a9","hash":"7ec90c8f0352c97e56cde130ad389988b179f28e"}
,"/Users/hamdikahloun/Desktop/sendbird/src/services/messagesService.ts": {"path":"/Users/hamdikahloun/Desktop/sendbird/src/services/messagesService.ts","statementMap":{"0":{"start":{"line":4,"column":41},"end":{"line":14,"column":1}},"1":{"start":{"line":7,"column":4},"end":{"line":12,"column":5}},"2":{"start":{"line":8,"column":18},"end":{"line":8,"column":63}},"3":{"start":{"line":9,"column":6},"end":{"line":9,"column":17}},"4":{"start":{"line":11,"column":6},"end":{"line":11,"column":16}}},"fnMap":{"0":{"name":"(anonymous_0)","decl":{"start":{"line":6,"column":2},"end":{"line":6,"column":3}},"loc":{"start":{"line":6,"column":64},"end":{"line":13,"column":3}},"line":6}},"branchMap":{"0":{"loc":{"start":{"line":7,"column":4},"end":{"line":12,"column":5}},"type":"if","locations":[{"start":{"line":7,"column":4},"end":{"line":12,"column":5}},{"start":{"line":10,"column":11},"end":{"line":12,"column":5}}],"line":7}},"s":{"0":25,"1":1,"2":0,"3":0,"4":1},"f":{"0":1},"b":{"0":[0,1]},"_coverageSchema":"1a1c01bbd47fc00a2c39e90264f33305004495a9","hash":"aca7a720da98a3223270d332fd4875523ce19986"}
,"/Users/hamdikahloun/Desktop/sendbird/src/services/participantService.ts": {"path":"/Users/hamdikahloun/Desktop/sendbird/src/services/participantService.ts","statementMap":{"0":{"start":{"line":4,"column":31},"end":{"line":14,"column":1}},"1":{"start":{"line":7,"column":4},"end":{"line":12,"column":5}},"2":{"start":{"line":8,"column":27},"end":{"line":8,"column":60}},"3":{"start":{"line":9,"column":6},"end":{"line":9,"column":26}},"4":{"start":{"line":11,"column":6},"end":{"line":11,"column":16}}},"fnMap":{"0":{"name":"(anonymous_0)","decl":{"start":{"line":6,"column":2},"end":{"line":6,"column":3}},"loc":{"start":{"line":6,"column":56},"end":{"line":13,"column":3}},"line":6}},"branchMap":{"0":{"loc":{"start":{"line":7,"column":4},"end":{"line":12,"column":5}},"type":"if","locations":[{"start":{"line":7,"column":4},"end":{"line":12,"column":5}},{"start":{"line":10,"column":11},"end":{"line":12,"column":5}}],"line":7}},"s":{"0":25,"1":1,"2":0,"3":0,"4":1},"f":{"0":1},"b":{"0":[0,1]},"_coverageSchema":"1a1c01bbd47fc00a2c39e90264f33305004495a9","hash":"bd072a0ab9c776f8255a245ca2ca5141e3b637c0"}
,"/Users/hamdikahloun/Desktop/sendbird/src/services/userService.ts": {"path":"/Users/hamdikahloun/Desktop/sendbird/src/services/userService.ts","statementMap":{"0":{"start":{"line":7,"column":28},"end":{"line":28,"column":1}},"1":{"start":{"line":8,"column":21},"end":{"line":8,"column":43}},"2":{"start":{"line":9,"column":22},"end":{"line":9,"column":63}},"3":{"start":{"line":10,"column":2},"end":{"line":12,"column":3}},"4":{"start":{"line":11,"column":4},"end":{"line":11,"column":57}},"5":{"start":{"line":14,"column":4},"end":{"line":17,"column":6}},"6":{"start":{"line":19,"column":13},"end":{"line":19,"column":66}},"7":{"start":{"line":20,"column":2},"end":{"line":22,"column":3}},"8":{"start":{"line":21,"column":4},"end":{"line":21,"column":56}},"9":{"start":{"line":23,"column":2},"end":{"line":25,"column":3}},"10":{"start":{"line":24,"column":4},"end":{"line":24,"column":59}},"11":{"start":{"line":27,"column":2},"end":{"line":27,"column":14}},"12":{"start":{"line":29,"column":21},"end":{"line":29,"column":69}},"13":{"start":{"line":31,"column":30},"end":{"line":37,"column":1}},"14":{"start":{"line":34,"column":23},"end":{"line":34,"column":45}},"15":{"start":{"line":35,"column":4},"end":{"line":35,"column":34}}},"fnMap":{"0":{"name":"(anonymous_0)","decl":{"start":{"line":7,"column":28},"end":{"line":7,"column":29}},"loc":{"start":{"line":7,"column":57},"end":{"line":28,"column":1}},"line":7},"1":{"name":"(anonymous_1)","decl":{"start":{"line":33,"column":2},"end":{"line":33,"column":3}},"loc":{"start":{"line":33,"column":14},"end":{"line":36,"column":3}},"line":33}},"branchMap":{"0":{"loc":{"start":{"line":10,"column":2},"end":{"line":12,"column":3}},"type":"if","locations":[{"start":{"line":10,"column":2},"end":{"line":12,"column":3}},{"start":{},"end":{}}],"line":10},"1":{"loc":{"start":{"line":10,"column":6},"end":{"line":10,"column":31}},"type":"binary-expr","locations":[{"start":{"line":10,"column":6},"end":{"line":10,"column":15}},{"start":{"line":10,"column":19},"end":{"line":10,"column":31}}],"line":10},"2":{"loc":{"start":{"line":14,"column":4},"end":{"line":17,"column":6}},"type":"binary-expr","locations":[{"start":{"line":14,"column":4},"end":{"line":14,"column":14}},{"start":{"line":15,"column":4},"end":{"line":17,"column":6}}],"line":14},"3":{"loc":{"start":{"line":19,"column":30},"end":{"line":19,"column":65}},"type":"binary-expr","locations":[{"start":{"line":19,"column":30},"end":{"line":19,"column":41}},{"start":{"line":19,"column":45},"end":{"line":19,"column":65}}],"line":19},"4":{"loc":{"start":{"line":20,"column":2},"end":{"line":22,"column":3}},"type":"if","locations":[{"start":{"line":20,"column":2},"end":{"line":22,"column":3}},{"start":{},"end":{}}],"line":20},"5":{"loc":{"start":{"line":23,"column":2},"end":{"line":25,"column":3}},"type":"if","locations":[{"start":{"line":23,"column":2},"end":{"line":25,"column":3}},{"start":{},"end":{}}],"line":23},"6":{"loc":{"start":{"line":23,"column":6},"end":{"line":23,"column":26}},"type":"binary-expr","locations":[{"start":{"line":23,"column":6},"end":{"line":23,"column":18}},{"start":{"line":23,"column":22},"end":{"line":23,"column":26}}],"line":23}},"s":{"0":25,"1":0,"2":0,"3":0,"4":0,"5":0,"6":0,"7":0,"8":0,"9":0,"10":0,"11":0,"12":25,"13":25,"14":0,"15":0},"f":{"0":0,"1":0},"b":{"0":[0,0],"1":[0,0],"2":[0,0],"3":[0,0],"4":[0,0],"5":[0,0],"6":[0,0]},"_coverageSchema":"1a1c01bbd47fc00a2c39e90264f33305004495a9","hash":"6490113284407f6bbf7edfb639cab63e97a4c17b"}
,"/Users/hamdikahloun/Desktop/sendbird/src/store/channels.ts": {"path":"/Users/hamdikahloun/Desktop/sendbird/src/store/channels.ts","statementMap":{"0":{"start":{"line":5,"column":28},"end":{"line":13,"column":1}},"1":{"start":{"line":15,"column":21},"end":{"line":53,"column":2}},"2":{"start":{"line":20,"column":6},"end":{"line":20,"column":44}},"3":{"start":{"line":24,"column":4},"end":{"line":36,"column":9}},"4":{"start":{"line":26,"column":8},"end":{"line":26,"column":33}},"5":{"start":{"line":29,"column":8},"end":{"line":29,"column":35}},"6":{"start":{"line":30,"column":30},"end":{"line":30,"column":50}},"7":{"start":{"line":31,"column":8},"end":{"line":31,"column":44}},"8":{"start":{"line":34,"column":8},"end":{"line":34,"column":32}},"9":{"start":{"line":35,"column":8},"end":{"line":35,"column":70}},"10":{"start":{"line":38,"column":4},"end":{"line":51,"column":9}},"11":{"start":{"line":40,"column":8},"end":{"line":40,"column":48}},"12":{"start":{"line":43,"column":8},"end":{"line":43,"column":50}},"13":{"start":{"line":44,"column":25},"end":{"line":44,"column":45}},"14":{"start":{"line":45,"column":8},"end":{"line":45,"column":66}},"15":{"start":{"line":48,"column":8},"end":{"line":48,"column":47}},"16":{"start":{"line":49,"column":8},"end":{"line":50,"column":58}},"17":{"start":{"line":55,"column":35},"end":{"line":55,"column":55}},"18":{"start":{"line":56,"column":34},"end":{"line":56,"column":73}},"19":{"start":{"line":56,"column":56},"end":{"line":56,"column":73}},"20":{"start":{"line":57,"column":29},"end":{"line":57,"column":76}},"21":{"start":{"line":57,"column":51},"end":{"line":57,"column":76}},"22":{"start":{"line":58,"column":30},"end":{"line":58,"column":75}},"23":{"start":{"line":58,"column":52},"end":{"line":58,"column":75}},"24":{"start":{"line":59,"column":35},"end":{"line":60,"column":26}},"25":{"start":{"line":60,"column":2},"end":{"line":60,"column":26}},"26":{"start":{"line":61,"column":39},"end":{"line":62,"column":34}},"27":{"start":{"line":62,"column":2},"end":{"line":62,"column":34}},"28":{"start":{"line":63,"column":42},"end":{"line":64,"column":33}},"29":{"start":{"line":64,"column":2},"end":{"line":64,"column":33}}},"fnMap":{"0":{"name":"(anonymous_0)","decl":{"start":{"line":19,"column":23},"end":{"line":19,"column":24}},"loc":{"start":{"line":19,"column":42},"end":{"line":21,"column":5}},"line":19},"1":{"name":"(anonymous_1)","decl":{"start":{"line":23,"column":2},"end":{"line":23,"column":3}},"loc":{"start":{"line":23,"column":25},"end":{"line":52,"column":3}},"line":23},"2":{"name":"(anonymous_2)","decl":{"start":{"line":25,"column":44},"end":{"line":25,"column":45}},"loc":{"start":{"line":25,"column":53},"end":{"line":27,"column":7}},"line":25},"3":{"name":"(anonymous_3)","decl":{"start":{"line":28,"column":46},"end":{"line":28,"column":47}},"loc":{"start":{"line":28,"column":65},"end":{"line":32,"column":7}},"line":28},"4":{"name":"(anonymous_4)","decl":{"start":{"line":33,"column":45},"end":{"line":33,"column":46}},"loc":{"start":{"line":33,"column":64},"end":{"line":36,"column":7}},"line":33},"5":{"name":"(anonymous_5)","decl":{"start":{"line":39,"column":43},"end":{"line":39,"column":44}},"loc":{"start":{"line":39,"column":52},"end":{"line":41,"column":7}},"line":39},"6":{"name":"(anonymous_6)","decl":{"start":{"line":42,"column":45},"end":{"line":42,"column":46}},"loc":{"start":{"line":42,"column":64},"end":{"line":46,"column":7}},"line":42},"7":{"name":"(anonymous_7)","decl":{"start":{"line":47,"column":44},"end":{"line":47,"column":45}},"loc":{"start":{"line":47,"column":63},"end":{"line":51,"column":7}},"line":47},"8":{"name":"(anonymous_8)","decl":{"start":{"line":56,"column":34},"end":{"line":56,"column":35}},"loc":{"start":{"line":56,"column":56},"end":{"line":56,"column":73}},"line":56},"9":{"name":"(anonymous_9)","decl":{"start":{"line":57,"column":29},"end":{"line":57,"column":30}},"loc":{"start":{"line":57,"column":51},"end":{"line":57,"column":76}},"line":57},"10":{"name":"(anonymous_10)","decl":{"start":{"line":58,"column":30},"end":{"line":58,"column":31}},"loc":{"start":{"line":58,"column":52},"end":{"line":58,"column":75}},"line":58},"11":{"name":"(anonymous_11)","decl":{"start":{"line":59,"column":35},"end":{"line":59,"column":36}},"loc":{"start":{"line":60,"column":2},"end":{"line":60,"column":26}},"line":60},"12":{"name":"(anonymous_12)","decl":{"start":{"line":61,"column":39},"end":{"line":61,"column":40}},"loc":{"start":{"line":62,"column":2},"end":{"line":62,"column":34}},"line":62},"13":{"name":"(anonymous_13)","decl":{"start":{"line":63,"column":42},"end":{"line":63,"column":43}},"loc":{"start":{"line":64,"column":2},"end":{"line":64,"column":33}},"line":64}},"branchMap":{"0":{"loc":{"start":{"line":35,"column":22},"end":{"line":35,"column":69}},"type":"binary-expr","locations":[{"start":{"line":35,"column":22},"end":{"line":35,"column":43}},{"start":{"line":35,"column":47},"end":{"line":35,"column":69}}],"line":35},"1":{"loc":{"start":{"line":50,"column":10},"end":{"line":50,"column":57}},"type":"binary-expr","locations":[{"start":{"line":50,"column":10},"end":{"line":50,"column":31}},{"start":{"line":50,"column":35},"end":{"line":50,"column":57}}],"line":50}},"s":{"0":23,"1":23,"2":0,"3":9,"4":4,"5":2,"6":2,"7":2,"8":3,"9":3,"10":9,"11":3,"12":1,"13":1,"14":1,"15":2,"16":2,"17":23,"18":23,"19":34,"20":23,"21":16,"22":23,"23":12,"24":23,"25":12,"26":23,"27":12,"28":23,"29":36},"f":{"0":0,"1":9,"2":4,"3":2,"4":3,"5":3,"6":1,"7":2,"8":34,"9":16,"10":12,"11":12,"12":12,"13":36},"b":{"0":[3,1],"1":[2,0]},"_coverageSchema":"1a1c01bbd47fc00a2c39e90264f33305004495a9","hash":"b4da5dec8c2474825f49664bef80b6d69f8d735b"}
,"/Users/hamdikahloun/Desktop/sendbird/src/store/messages.ts": {"path":"/Users/hamdikahloun/Desktop/sendbird/src/store/messages.ts","statementMap":{"0":{"start":{"line":5,"column":28},"end":{"line":9,"column":1}},"1":{"start":{"line":10,"column":22},"end":{"line":34,"column":2}},"2":{"start":{"line":15,"column":25},"end":{"line":15,"column":48}},"3":{"start":{"line":16,"column":6},"end":{"line":16,"column":41}},"4":{"start":{"line":20,"column":4},"end":{"line":32,"column":9}},"5":{"start":{"line":22,"column":8},"end":{"line":22,"column":33}},"6":{"start":{"line":25,"column":8},"end":{"line":25,"column":35}},"7":{"start":{"line":26,"column":25},"end":{"line":26,"column":45}},"8":{"start":{"line":27,"column":8},"end":{"line":27,"column":58}},"9":{"start":{"line":30,"column":8},"end":{"line":30,"column":32}},"10":{"start":{"line":31,"column":8},"end":{"line":31,"column":70}},"11":{"start":{"line":36,"column":31},"end":{"line":36,"column":52}},"12":{"start":{"line":37,"column":46},"end":{"line":38,"column":23}},"13":{"start":{"line":38,"column":2},"end":{"line":38,"column":23}},"14":{"start":{"line":39,"column":41},"end":{"line":40,"column":25}},"15":{"start":{"line":40,"column":2},"end":{"line":40,"column":25}},"16":{"start":{"line":41,"column":46},"end":{"line":42,"column":22}},"17":{"start":{"line":42,"column":2},"end":{"line":42,"column":22}}},"fnMap":{"0":{"name":"(anonymous_0)","decl":{"start":{"line":14,"column":19},"end":{"line":14,"column":20}},"loc":{"start":{"line":14,"column":38},"end":{"line":17,"column":5}},"line":14},"1":{"name":"(anonymous_1)","decl":{"start":{"line":19,"column":2},"end":{"line":19,"column":3}},"loc":{"start":{"line":19,"column":25},"end":{"line":33,"column":3}},"line":19},"2":{"name":"(anonymous_2)","decl":{"start":{"line":21,"column":50},"end":{"line":21,"column":51}},"loc":{"start":{"line":21,"column":59},"end":{"line":23,"column":7}},"line":21},"3":{"name":"(anonymous_3)","decl":{"start":{"line":24,"column":52},"end":{"line":24,"column":53}},"loc":{"start":{"line":24,"column":71},"end":{"line":28,"column":7}},"line":24},"4":{"name":"(anonymous_4)","decl":{"start":{"line":29,"column":51},"end":{"line":29,"column":52}},"loc":{"start":{"line":29,"column":70},"end":{"line":32,"column":7}},"line":29},"5":{"name":"(anonymous_5)","decl":{"start":{"line":37,"column":46},"end":{"line":37,"column":47}},"loc":{"start":{"line":38,"column":2},"end":{"line":38,"column":23}},"line":38},"6":{"name":"(anonymous_6)","decl":{"start":{"line":39,"column":41},"end":{"line":39,"column":42}},"loc":{"start":{"line":40,"column":2},"end":{"line":40,"column":25}},"line":40},"7":{"name":"(anonymous_7)","decl":{"start":{"line":41,"column":46},"end":{"line":41,"column":47}},"loc":{"start":{"line":42,"column":2},"end":{"line":42,"column":22}},"line":42}},"branchMap":{"0":{"loc":{"start":{"line":31,"column":22},"end":{"line":31,"column":69}},"type":"binary-expr","locations":[{"start":{"line":31,"column":22},"end":{"line":31,"column":43}},{"start":{"line":31,"column":47},"end":{"line":31,"column":69}}],"line":31}},"s":{"0":23,"1":23,"2":0,"3":0,"4":9,"5":2,"6":2,"7":2,"8":2,"9":1,"10":1,"11":23,"12":23,"13":0,"14":23,"15":26,"16":23,"17":0},"f":{"0":0,"1":9,"2":2,"3":2,"4":1,"5":0,"6":26,"7":0},"b":{"0":[1,1]},"_coverageSchema":"1a1c01bbd47fc00a2c39e90264f33305004495a9","hash":"ef03eebf76e74252391ae3c7754941e50f293bf7"}
,"/Users/hamdikahloun/Desktop/sendbird/src/store/participant.ts": {"path":"/Users/hamdikahloun/Desktop/sendbird/src/store/participant.ts","statementMap":{"0":{"start":{"line":6,"column":28},"end":{"line":10,"column":1}},"1":{"start":{"line":11,"column":26},"end":{"line":41,"column":2}},"2":{"start":{"line":16,"column":26},"end":{"line":16,"column":49}},"3":{"start":{"line":17,"column":6},"end":{"line":17,"column":46}},"4":{"start":{"line":20,"column":26},"end":{"line":20,"column":48}},"5":{"start":{"line":21,"column":6},"end":{"line":23,"column":8}},"6":{"start":{"line":22,"column":21},"end":{"line":22,"column":52}},"7":{"start":{"line":27,"column":4},"end":{"line":39,"column":9}},"8":{"start":{"line":29,"column":8},"end":{"line":29,"column":33}},"9":{"start":{"line":32,"column":8},"end":{"line":32,"column":35}},"10":{"start":{"line":33,"column":29},"end":{"line":33,"column":49}},"11":{"start":{"line":34,"column":8},"end":{"line":34,"column":70}},"12":{"start":{"line":37,"column":8},"end":{"line":37,"column":32}},"13":{"start":{"line":38,"column":8},"end":{"line":38,"column":70}},"14":{"start":{"line":43,"column":54},"end":{"line":43,"column":79}},"15":{"start":{"line":44,"column":39},"end":{"line":45,"column":28}},"16":{"start":{"line":45,"column":2},"end":{"line":45,"column":28}},"17":{"start":{"line":46,"column":34},"end":{"line":47,"column":34}},"18":{"start":{"line":47,"column":2},"end":{"line":47,"column":34}},"19":{"start":{"line":48,"column":39},"end":{"line":49,"column":27}},"20":{"start":{"line":49,"column":2},"end":{"line":49,"column":27}}},"fnMap":{"0":{"name":"(anonymous_0)","decl":{"start":{"line":15,"column":23},"end":{"line":15,"column":24}},"loc":{"start":{"line":15,"column":42},"end":{"line":18,"column":5}},"line":15},"1":{"name":"(anonymous_1)","decl":{"start":{"line":19,"column":23},"end":{"line":19,"column":24}},"loc":{"start":{"line":19,"column":42},"end":{"line":24,"column":5}},"line":19},"2":{"name":"(anonymous_2)","decl":{"start":{"line":22,"column":8},"end":{"line":22,"column":9}},"loc":{"start":{"line":22,"column":21},"end":{"line":22,"column":52}},"line":22},"3":{"name":"(anonymous_3)","decl":{"start":{"line":26,"column":2},"end":{"line":26,"column":3}},"loc":{"start":{"line":26,"column":25},"end":{"line":40,"column":3}},"line":26},"4":{"name":"(anonymous_4)","decl":{"start":{"line":28,"column":40},"end":{"line":28,"column":41}},"loc":{"start":{"line":28,"column":49},"end":{"line":30,"column":7}},"line":28},"5":{"name":"(anonymous_5)","decl":{"start":{"line":31,"column":42},"end":{"line":31,"column":43}},"loc":{"start":{"line":31,"column":61},"end":{"line":35,"column":7}},"line":31},"6":{"name":"(anonymous_6)","decl":{"start":{"line":36,"column":41},"end":{"line":36,"column":42}},"loc":{"start":{"line":36,"column":60},"end":{"line":39,"column":7}},"line":36},"7":{"name":"(anonymous_7)","decl":{"start":{"line":44,"column":39},"end":{"line":44,"column":40}},"loc":{"start":{"line":45,"column":2},"end":{"line":45,"column":28}},"line":45},"8":{"name":"(anonymous_8)","decl":{"start":{"line":46,"column":34},"end":{"line":46,"column":35}},"loc":{"start":{"line":47,"column":2},"end":{"line":47,"column":34}},"line":47},"9":{"name":"(anonymous_9)","decl":{"start":{"line":48,"column":39},"end":{"line":48,"column":40}},"loc":{"start":{"line":49,"column":2},"end":{"line":49,"column":27}},"line":49}},"branchMap":{"0":{"loc":{"start":{"line":38,"column":22},"end":{"line":38,"column":69}},"type":"binary-expr","locations":[{"start":{"line":38,"column":22},"end":{"line":38,"column":43}},{"start":{"line":38,"column":47},"end":{"line":38,"column":69}}],"line":38}},"s":{"0":8,"1":8,"2":0,"3":0,"4":0,"5":0,"6":0,"7":4,"8":1,"9":1,"10":1,"11":1,"12":0,"13":0,"14":8,"15":8,"16":24,"17":8,"18":24,"19":8,"20":24},"f":{"0":0,"1":0,"2":0,"3":4,"4":1,"5":1,"6":0,"7":24,"8":24,"9":24},"b":{"0":[0,0]},"_coverageSchema":"1a1c01bbd47fc00a2c39e90264f33305004495a9","hash":"9901c218181d3634b87d754a6d6e0f6983f9a570"}
,"/Users/hamdikahloun/Desktop/sendbird/src/store/user.ts": {"path":"/Users/hamdikahloun/Desktop/sendbird/src/store/user.ts","statementMap":{"0":{"start":{"line":5,"column":28},"end":{"line":12,"column":1}},"1":{"start":{"line":14,"column":18},"end":{"line":48,"column":2}},"2":{"start":{"line":19,"column":4},"end":{"line":32,"column":9}},"3":{"start":{"line":21,"column":8},"end":{"line":21,"column":33}},"4":{"start":{"line":24,"column":8},"end":{"line":24,"column":32}},"5":{"start":{"line":25,"column":8},"end":{"line":25,"column":35}},"6":{"start":{"line":26,"column":8},"end":{"line":26,"column":36}},"7":{"start":{"line":29,"column":8},"end":{"line":29,"column":33}},"8":{"start":{"line":30,"column":8},"end":{"line":30,"column":32}},"9":{"start":{"line":31,"column":8},"end":{"line":31,"column":70}},"10":{"start":{"line":33,"column":4},"end":{"line":46,"column":9}},"11":{"start":{"line":35,"column":8},"end":{"line":35,"column":40}},"12":{"start":{"line":38,"column":8},"end":{"line":38,"column":33}},"13":{"start":{"line":39,"column":8},"end":{"line":39,"column":42}},"14":{"start":{"line":40,"column":8},"end":{"line":40,"column":24}},"15":{"start":{"line":43,"column":8},"end":{"line":43,"column":39}},"16":{"start":{"line":44,"column":8},"end":{"line":45,"column":58}},"17":{"start":{"line":50,"column":32},"end":{"line":50,"column":79}},"18":{"start":{"line":50,"column":54},"end":{"line":50,"column":79}},"19":{"start":{"line":51,"column":26},"end":{"line":51,"column":67}},"20":{"start":{"line":51,"column":48},"end":{"line":51,"column":67}},"21":{"start":{"line":52,"column":32},"end":{"line":52,"column":75}},"22":{"start":{"line":52,"column":54},"end":{"line":52,"column":75}},"23":{"start":{"line":53,"column":31},"end":{"line":53,"column":73}},"24":{"start":{"line":53,"column":53},"end":{"line":53,"column":73}}},"fnMap":{"0":{"name":"(anonymous_0)","decl":{"start":{"line":18,"column":2},"end":{"line":18,"column":3}},"loc":{"start":{"line":18,"column":25},"end":{"line":47,"column":3}},"line":18},"1":{"name":"(anonymous_1)","decl":{"start":{"line":20,"column":30},"end":{"line":20,"column":31}},"loc":{"start":{"line":20,"column":39},"end":{"line":22,"column":7}},"line":20},"2":{"name":"(anonymous_2)","decl":{"start":{"line":23,"column":32},"end":{"line":23,"column":33}},"loc":{"start":{"line":23,"column":51},"end":{"line":27,"column":7}},"line":23},"3":{"name":"(anonymous_3)","decl":{"start":{"line":28,"column":31},"end":{"line":28,"column":32}},"loc":{"start":{"line":28,"column":50},"end":{"line":32,"column":7}},"line":28},"4":{"name":"(anonymous_4)","decl":{"start":{"line":34,"column":39},"end":{"line":34,"column":40}},"loc":{"start":{"line":34,"column":48},"end":{"line":36,"column":7}},"line":34},"5":{"name":"(anonymous_5)","decl":{"start":{"line":37,"column":41},"end":{"line":37,"column":42}},"loc":{"start":{"line":37,"column":50},"end":{"line":41,"column":7}},"line":37},"6":{"name":"(anonymous_6)","decl":{"start":{"line":42,"column":40},"end":{"line":42,"column":41}},"loc":{"start":{"line":42,"column":59},"end":{"line":46,"column":7}},"line":42},"7":{"name":"(anonymous_7)","decl":{"start":{"line":50,"column":32},"end":{"line":50,"column":33}},"loc":{"start":{"line":50,"column":54},"end":{"line":50,"column":79}},"line":50},"8":{"name":"(anonymous_8)","decl":{"start":{"line":51,"column":26},"end":{"line":51,"column":27}},"loc":{"start":{"line":51,"column":48},"end":{"line":51,"column":67}},"line":51},"9":{"name":"(anonymous_9)","decl":{"start":{"line":52,"column":32},"end":{"line":52,"column":33}},"loc":{"start":{"line":52,"column":54},"end":{"line":52,"column":75}},"line":52},"10":{"name":"(anonymous_10)","decl":{"start":{"line":53,"column":31},"end":{"line":53,"column":32}},"loc":{"start":{"line":53,"column":53},"end":{"line":53,"column":73}},"line":53}},"branchMap":{"0":{"loc":{"start":{"line":31,"column":22},"end":{"line":31,"column":69}},"type":"binary-expr","locations":[{"start":{"line":31,"column":22},"end":{"line":31,"column":43}},{"start":{"line":31,"column":47},"end":{"line":31,"column":69}}],"line":31},"1":{"loc":{"start":{"line":45,"column":10},"end":{"line":45,"column":57}},"type":"binary-expr","locations":[{"start":{"line":45,"column":10},"end":{"line":45,"column":31}},{"start":{"line":45,"column":35},"end":{"line":45,"column":57}}],"line":45}},"s":{"0":23,"1":23,"2":9,"3":1,"4":1,"5":1,"6":1,"7":1,"8":1,"9":1,"10":9,"11":1,"12":1,"13":1,"14":1,"15":1,"16":1,"17":23,"18":21,"19":23,"20":19,"21":23,"22":19,"23":23,"24":19},"f":{"0":9,"1":1,"2":1,"3":1,"4":1,"5":1,"6":1,"7":21,"8":19,"9":19,"10":19},"b":{"0":[1,1],"1":[1,1]},"_coverageSchema":"1a1c01bbd47fc00a2c39e90264f33305004495a9","hash":"6459f1c80edb466b068d8a2e9dc3e5e15e47aa6e"}
}
