TN:
SF:src/App.tsx
FN:6,(anonymous_0)
FNF:1
FNH:1
FNDA:1,(anonymous_0)
DA:6,1
DA:7,1
LF:2
LH:2
BRF:0
BRH:0
end_of_record
TN:
SF:src/components/avatar/Avatar.tsx
FN:28,(anonymous_0)
FN:42,(anonymous_1)
FNF:2
FNH:1
FNDA:10,(anonymous_0)
FNDA:0,(anonymous_1)
DA:26,12
DA:28,12
DA:37,10
DA:39,10
DA:40,10
DA:42,10
DA:43,0
DA:44,0
DA:47,10
DA:86,12
DA:110,12
LF:11
LH:9
BRDA:35,0,0,9
BRDA:40,1,0,4
BRDA:40,1,1,6
BRDA:40,2,0,10
BRDA:40,2,1,10
BRDA:73,3,0,10
BRDA:73,3,1,1
BRF:7
BRH:7
end_of_record
TN:
SF:src/components/channel/ChannelPreview.tsx
FN:10,(anonymous_0)
FN:11,(anonymous_1)
FNF:2
FNH:1
FNDA:1,(anonymous_0)
FNDA:0,(anonymous_1)
DA:10,6
DA:11,1
DA:12,0
DA:14,1
DA:27,6
DA:64,6
LF:6
LH:5
BRF:0
BRH:0
end_of_record
TN:
SF:src/components/channelList/ChannelList.tsx
FN:30,(anonymous_0)
FN:36,(anonymous_1)
FN:40,(anonymous_2)
FN:59,(anonymous_3)
FNF:4
FNH:2
FNDA:1,(anonymous_0)
FNDA:0,(anonymous_1)
FNDA:1,(anonymous_2)
FNDA:0,(anonymous_3)
DA:30,6
DA:36,1
DA:37,0
DA:40,1
DA:41,1
DA:42,0
DA:44,1
DA:45,0
DA:47,1
DA:48,1
DA:50,0
DA:53,1
DA:59,0
DA:67,6
LF:14
LH:9
BRDA:41,0,0,0
BRDA:41,0,1,1
BRDA:41,1,0,1
BRDA:41,1,1,0
BRDA:44,2,0,0
BRDA:44,2,1,1
BRDA:47,3,0,1
BRDA:47,3,1,0
BRDA:47,4,0,1
BRDA:47,4,1,1
BRDA:47,4,2,1
BRF:11
BRH:7
end_of_record
TN:
SF:src/components/loadingState/LoadingState.tsx
FN:11,(anonymous_0)
FNF:1
FNH:1
FNDA:3,(anonymous_0)
DA:11,8
DA:12,3
DA:19,8
LF:3
LH:3
BRF:0
BRH:0
end_of_record
TN:
SF:src/components/loginButton/LoginButton.tsx
FN:16,(anonymous_0)
FNF:1
FNH:1
FNDA:8,(anonymous_0)
DA:16,5
DA:21,8
DA:40,5
DA:63,5
LF:4
LH:4
BRDA:28,0,0,1
BRDA:28,0,1,7
BRF:2
BRH:2
end_of_record
TN:
SF:src/components/message/Message.tsx
FN:10,(anonymous_0)
FNF:1
FNH:1
FNDA:1,(anonymous_0)
DA:10,8
DA:11,1
DA:32,8
LF:3
LH:3
BRDA:13,0,0,0
BRDA:13,0,1,1
BRF:2
BRH:1
end_of_record
TN:
SF:src/components/message/MyMessage.tsx
FN:8,(anonymous_0)
FNF:1
FNH:1
FNDA:1,(anonymous_0)
DA:8,9
DA:9,1
DA:16,9
DA:42,9
LF:4
LH:4
BRF:0
BRH:0
end_of_record
TN:
SF:src/components/message/OtherMessage.tsx
FN:9,(anonymous_0)
FNF:1
FNH:1
FNDA:2,(anonymous_0)
DA:9,9
DA:10,2
DA:20,9
DA:49,9
LF:4
LH:4
BRF:0
BRH:0
end_of_record
TN:
SF:src/components/messageInput/MessageInput.tsx
FN:11,(anonymous_0)
FN:17,(anonymous_1)
FN:22,(anonymous_2)
FNF:3
FNH:1
FNDA:9,(anonymous_0)
FNDA:0,(anonymous_1)
FNDA:0,(anonymous_2)
DA:11,7
DA:16,9
DA:17,9
DA:18,0
DA:19,0
DA:22,9
DA:23,0
DA:26,9
DA:37,7
DA:66,7
LF:10
LH:7
BRF:0
BRH:0
end_of_record
TN:
SF:src/components/messageInput/MessageTextInput.tsx
FN:17,(anonymous_0)
FN:24,(anonymous_1)
FNF:2
FNH:1
FNDA:10,(anonymous_0)
FNDA:0,(anonymous_1)
DA:17,8
DA:22,10
DA:24,10
DA:25,0
DA:26,0
DA:29,10
DA:42,8
LF:7
LH:5
BRF:0
BRH:0
end_of_record
TN:
SF:src/components/messageInput/SendButton.tsx
FN:19,(anonymous_0)
FNF:1
FNH:1
FNDA:10,(anonymous_0)
DA:19,8
DA:20,10
DA:27,8
LF:3
LH:3
BRF:0
BRH:0
end_of_record
TN:
SF:src/components/messageList/MessageList.tsx
FN:32,(anonymous_0)
FN:39,(anonymous_1)
FN:46,(anonymous_2)
FN:74,(anonymous_3)
FNF:4
FNH:2
FNDA:9,(anonymous_0)
FNDA:0,(anonymous_1)
FNDA:9,(anonymous_2)
FNDA:0,(anonymous_3)
DA:32,7
DA:39,9
DA:40,0
DA:46,9
DA:47,9
DA:48,2
DA:50,7
DA:51,4
DA:57,3
DA:58,3
DA:64,0
DA:67,9
DA:74,0
DA:83,7
LF:14
LH:11
BRDA:47,0,0,2
BRDA:47,0,1,7
BRDA:47,1,0,9
BRDA:47,1,1,4
BRDA:50,2,0,4
BRDA:50,2,1,3
BRDA:57,3,0,3
BRDA:57,3,1,0
BRDA:57,4,0,3
BRDA:57,4,1,3
BRDA:57,4,2,3
BRF:11
BRH:10
end_of_record
TN:
SF:src/components/nicknameInput/NicknameInput.tsx
FN:8,(anonymous_0)
FN:11,(anonymous_1)
FNF:2
FNH:2
FNDA:5,(anonymous_0)
FNDA:1,(anonymous_1)
DA:8,5
DA:9,5
DA:11,5
DA:12,1
DA:13,1
DA:16,5
DA:34,5
DA:36,5
LF:8
LH:8
BRF:0
BRH:0
end_of_record
TN:
SF:src/components/participant/Participant.tsx
FN:10,(anonymous_0)
FN:14,(anonymous_1)
FNF:2
FNH:1
FNDA:1,(anonymous_0)
FNDA:0,(anonymous_1)
DA:10,8
DA:14,1
DA:15,0
DA:17,1
DA:28,8
LF:5
LH:4
BRF:0
BRH:0
end_of_record
TN:
SF:src/components/participantList/ParticipantList.tsx
FN:23,(anonymous_0)
FN:27,(anonymous_1)
FN:39,(anonymous_2)
FNF:3
FNH:1
FNDA:9,(anonymous_0)
FNDA:0,(anonymous_1)
FNDA:0,(anonymous_2)
DA:23,7
DA:27,9
DA:28,0
DA:33,9
DA:39,0
DA:46,7
LF:6
LH:4
BRF:0
BRH:0
end_of_record
TN:
SF:src/containers/ChannelContainer.tsx
FN:15,(anonymous_0)
FN:41,(anonymous_1)
FN:47,(anonymous_2)
FN:51,(anonymous_3)
FN:62,(anonymous_4)
FN:67,(anonymous_5)
FNF:6
FNH:4
FNDA:8,(anonymous_0)
FNDA:2,(anonymous_1)
FNDA:2,(anonymous_2)
FNDA:2,(anonymous_3)
FNDA:0,(anonymous_4)
FNDA:0,(anonymous_5)
DA:15,4
DA:16,8
DA:17,8
DA:18,8
DA:19,8
DA:20,8
DA:27,8
DA:34,8
DA:36,8
DA:38,8
DA:39,8
DA:41,8
DA:42,2
DA:43,2
DA:47,8
DA:48,2
DA:51,8
DA:52,2
DA:53,0
DA:54,0
DA:55,0
DA:56,0
DA:57,0
DA:62,8
DA:63,0
DA:64,0
DA:67,8
DA:68,0
DA:71,8
DA:89,4
LF:30
LH:22
BRDA:38,0,0,8
BRDA:38,0,1,4
BRDA:39,1,0,8
BRDA:39,1,1,4
BRDA:52,2,0,0
BRDA:52,2,1,2
BRDA:52,3,0,2
BRDA:52,3,1,0
BRF:8
BRH:6
end_of_record
TN:
SF:src/containers/LoginContainer.tsx
FN:8,(anonymous_0)
FN:14,(anonymous_1)
FNF:2
FNH:1
FNDA:3,(anonymous_0)
FNDA:0,(anonymous_1)
DA:8,4
DA:9,3
DA:10,3
DA:11,3
DA:12,3
DA:14,3
DA:15,0
DA:16,0
DA:18,3
DA:29,4
LF:10
LH:8
BRDA:12,0,0,3
BRDA:12,0,1,0
BRF:2
BRH:1
end_of_record
TN:
SF:src/hooks/useChannel.ts
FN:11,(anonymous_0)
FN:17,(anonymous_1)
FN:23,(anonymous_2)
FN:30,(anonymous_3)
FNF:4
FNH:1
FNDA:8,(anonymous_0)
FNDA:0,(anonymous_1)
FNDA:0,(anonymous_2)
FNDA:0,(anonymous_3)
DA:11,5
DA:12,8
DA:13,8
DA:14,8
DA:15,8
DA:17,8
DA:18,0
DA:19,0
DA:21,0
DA:22,0
DA:23,0
DA:24,0
DA:25,0
DA:30,8
DA:31,0
DA:34,8
LF:16
LH:8
BRDA:18,0,0,0
BRDA:18,0,1,0
BRDA:24,1,0,0
BRDA:24,1,1,0
BRF:4
BRH:0
end_of_record
TN:
SF:src/hooks/useChannelHandler.ts
FN:5,(anonymous_0)
FN:11,(anonymous_1)
FN:20,(anonymous_2)
FN:26,(anonymous_3)
FN:31,(anonymous_4)
FN:37,(anonymous_5)
FN:39,(anonymous_6)
FNF:7
FNH:3
FNDA:8,(anonymous_0)
FNDA:0,(anonymous_1)
FNDA:0,(anonymous_2)
FNDA:0,(anonymous_3)
FNDA:0,(anonymous_4)
FNDA:2,(anonymous_5)
FNDA:2,(anonymous_6)
DA:5,5
DA:6,8
DA:7,8
DA:8,8
DA:9,8
DA:11,8
DA:12,0
DA:16,0
DA:20,8
DA:21,0
DA:22,0
DA:26,8
DA:27,0
DA:31,8
DA:32,0
DA:33,0
DA:37,8
DA:38,2
DA:39,2
LF:19
LH:12
BRDA:12,0,0,0
BRDA:12,0,1,0
BRDA:13,1,0,0
BRDA:13,1,1,0
BRDA:21,2,0,0
BRDA:21,2,1,0
BRDA:27,3,0,0
BRDA:27,3,1,0
BRDA:32,4,0,0
BRDA:32,4,1,0
BRF:10
BRH:0
end_of_record
TN:
SF:src/hooks/useChannels.ts
FN:16,(anonymous_0)
FN:26,(anonymous_1)
FN:38,(anonymous_2)
FN:50,(anonymous_3)
FN:56,(anonymous_4)
FNF:5
FNH:5
FNDA:8,(anonymous_0)
FNDA:2,(anonymous_1)
FNDA:2,(anonymous_2)
FNDA:2,(anonymous_3)
FNDA:2,(anonymous_4)
DA:16,4
DA:17,8
DA:18,8
DA:19,8
DA:20,8
DA:21,8
DA:22,8
DA:23,8
DA:24,8
DA:26,8
DA:27,2
DA:28,0
DA:30,2
DA:31,0
DA:33,2
DA:38,8
DA:39,2
DA:40,0
DA:42,2
DA:43,0
DA:45,2
DA:50,8
DA:51,2
DA:52,2
DA:53,2
DA:56,8
DA:57,2
DA:58,2
DA:59,2
DA:62,8
LF:30
LH:26
BRDA:27,0,0,0
BRDA:27,0,1,2
BRDA:30,1,0,0
BRDA:30,1,1,2
BRDA:39,2,0,0
BRDA:39,2,1,2
BRDA:42,3,0,0
BRDA:42,3,1,2
BRF:8
BRH:4
end_of_record
TN:
SF:src/hooks/useMessages.ts
FN:8,(anonymous_0)
FN:15,(anonymous_1)
FN:34,(anonymous_2)
FN:40,(anonymous_3)
FNF:4
FNH:1
FNDA:16,(anonymous_0)
FNDA:0,(anonymous_1)
FNDA:0,(anonymous_2)
FNDA:0,(anonymous_3)
DA:8,5
DA:9,16
DA:10,16
DA:11,16
DA:12,16
DA:13,16
DA:15,16
DA:19,0
DA:20,0
DA:22,0
DA:23,0
DA:25,0
DA:34,16
DA:35,0
DA:36,0
DA:37,0
DA:40,16
DA:41,0
DA:43,16
LF:19
LH:10
BRDA:19,0,0,0
BRDA:19,0,1,0
BRDA:22,1,0,0
BRDA:22,1,1,0
BRF:4
BRH:0
end_of_record
TN:
SF:src/hooks/useParticipants.ts
FN:13,(anonymous_0)
FN:20,(anonymous_1)
FN:35,(anonymous_2)
FN:41,(anonymous_3)
FN:45,(anonymous_4)
FNF:5
FNH:1
FNDA:16,(anonymous_0)
FNDA:0,(anonymous_1)
FNDA:0,(anonymous_2)
FNDA:0,(anonymous_3)
FNDA:0,(anonymous_4)
DA:13,5
DA:14,16
DA:15,16
DA:16,16
DA:17,16
DA:18,16
DA:20,16
DA:24,0
DA:25,0
DA:27,0
DA:28,0
DA:30,0
DA:35,16
DA:36,0
DA:37,0
DA:38,0
DA:41,16
DA:42,0
DA:45,16
DA:46,0
DA:49,16
LF:21
LH:11
BRDA:24,0,0,0
BRDA:24,0,1,0
BRDA:27,1,0,0
BRDA:27,1,1,0
BRF:4
BRH:0
end_of_record
TN:
SF:src/hooks/useStateChange.ts
FN:5,(anonymous_0)
FN:6,(anonymous_1)
FN:14,(anonymous_2)
FN:16,(anonymous_3)
FNF:4
FNH:3
FNDA:8,(anonymous_0)
FNDA:0,(anonymous_1)
FNDA:2,(anonymous_2)
FNDA:2,(anonymous_3)
DA:5,5
DA:6,8
DA:7,0
DA:8,0
DA:10,0
DA:14,8
DA:15,2
DA:16,2
LF:8
LH:5
BRDA:7,0,0,0
BRDA:7,0,1,0
BRF:2
BRH:0
end_of_record
TN:
SF:src/hooks/useUser.ts
FN:11,(anonymous_0)
FN:18,(anonymous_1)
FN:22,(anonymous_2)
FNF:3
FNH:1
FNDA:11,(anonymous_0)
FNDA:0,(anonymous_1)
FNDA:0,(anonymous_2)
DA:11,5
DA:12,11
DA:13,11
DA:14,11
DA:15,11
DA:16,11
DA:18,11
DA:19,0
DA:22,11
DA:23,0
DA:26,11
LF:11
LH:9
BRF:0
BRH:0
end_of_record
TN:
SF:src/navigators/AppNavigator.tsx
FN:13,(anonymous_0)
FNF:1
FNH:1
FNDA:2,(anonymous_0)
DA:11,2
DA:13,2
DA:14,2
DA:16,2
LF:4
LH:4
BRDA:20,0,0,0
BRDA:20,0,1,2
BRF:2
BRH:1
end_of_record
TN:
SF:src/navigators/MainNavigator.tsx
FN:7,(anonymous_0)
FNF:1
FNH:1
FNDA:1,(anonymous_0)
DA:5,3
DA:7,3
DA:8,1
LF:3
LH:3
BRF:0
BRH:0
end_of_record
TN:
SF:src/navigators/utils.ts
FN:20,navigate
FN:26,navigateAndReset
FN:37,navigateAndSimpleReset
FNF:3
FNH:0
FNDA:0,navigate
FNDA:0,navigateAndReset
FNDA:0,navigateAndSimpleReset
DA:18,2
DA:21,0
DA:22,0
DA:27,0
DA:28,0
DA:38,0
DA:39,0
LF:7
LH:1
BRDA:21,0,0,0
BRDA:21,0,1,0
BRDA:26,1,0,0
BRDA:26,2,0,0
BRDA:27,3,0,0
BRDA:27,3,1,0
BRDA:37,4,0,0
BRDA:38,5,0,0
BRDA:38,5,1,0
BRF:9
BRH:0
end_of_record
TN:
SF:src/services/channelService.ts
FN:4,(anonymous_0)
FN:22,(anonymous_1)
FN:25,(anonymous_2)
FNF:3
FNH:2
FNDA:3,(anonymous_0)
FNDA:3,(anonymous_1)
FNDA:0,(anonymous_2)
DA:4,25
DA:7,3
DA:8,0
DA:9,0
DA:11,1
DA:15,25
DA:20,25
DA:23,3
DA:24,0
DA:25,0
DA:27,1
LF:11
LH:7
BRDA:7,0,0,0
BRDA:7,0,1,1
BRDA:23,1,0,0
BRDA:23,1,1,1
BRF:4
BRH:2
end_of_record
TN:
SF:src/services/messagesService.ts
FN:6,(anonymous_0)
FNF:1
FNH:1
FNDA:1,(anonymous_0)
DA:4,25
DA:7,1
DA:8,0
DA:9,0
DA:11,1
LF:5
LH:3
BRDA:7,0,0,0
BRDA:7,0,1,1
BRF:2
BRH:1
end_of_record
TN:
SF:src/services/participantService.ts
FN:6,(anonymous_0)
FNF:1
FNH:1
FNDA:1,(anonymous_0)
DA:4,25
DA:7,1
DA:8,0
DA:9,0
DA:11,1
LF:5
LH:3
BRDA:7,0,0,0
BRDA:7,0,1,1
BRF:2
BRH:1
end_of_record
TN:
SF:src/services/userService.ts
FN:7,(anonymous_0)
FN:33,(anonymous_1)
FNF:2
FNH:0
FNDA:0,(anonymous_0)
FNDA:0,(anonymous_1)
DA:7,25
DA:8,0
DA:9,0
DA:10,0
DA:11,0
DA:14,0
DA:19,0
DA:20,0
DA:21,0
DA:23,0
DA:24,0
DA:27,0
DA:29,25
DA:31,25
DA:34,0
DA:35,0
LF:16
LH:3
BRDA:10,0,0,0
BRDA:10,0,1,0
BRDA:10,1,0,0
BRDA:10,1,1,0
BRDA:14,2,0,0
BRDA:14,2,1,0
BRDA:19,3,0,0
BRDA:19,3,1,0
BRDA:20,4,0,0
BRDA:20,4,1,0
BRDA:23,5,0,0
BRDA:23,5,1,0
BRDA:23,6,0,0
BRDA:23,6,1,0
BRF:14
BRH:0
end_of_record
TN:
SF:src/store/channels.ts
FN:19,(anonymous_0)
FN:23,(anonymous_1)
FN:25,(anonymous_2)
FN:28,(anonymous_3)
FN:33,(anonymous_4)
FN:39,(anonymous_5)
FN:42,(anonymous_6)
FN:47,(anonymous_7)
FN:56,(anonymous_8)
FN:57,(anonymous_9)
FN:58,(anonymous_10)
FN:59,(anonymous_11)
FN:61,(anonymous_12)
FN:63,(anonymous_13)
FNF:14
FNH:13
FNDA:0,(anonymous_0)
FNDA:9,(anonymous_1)
FNDA:4,(anonymous_2)
FNDA:2,(anonymous_3)
FNDA:3,(anonymous_4)
FNDA:3,(anonymous_5)
FNDA:1,(anonymous_6)
FNDA:2,(anonymous_7)
FNDA:34,(anonymous_8)
FNDA:16,(anonymous_9)
FNDA:12,(anonymous_10)
FNDA:12,(anonymous_11)
FNDA:12,(anonymous_12)
FNDA:36,(anonymous_13)
DA:5,23
DA:15,23
DA:20,0
DA:24,9
DA:26,4
DA:29,2
DA:30,2
DA:31,2
DA:34,3
DA:35,3
DA:38,9
DA:40,3
DA:43,1
DA:44,1
DA:45,1
DA:48,2
DA:49,2
DA:55,23
DA:56,34
DA:57,23
DA:58,23
DA:59,23
DA:60,12
DA:61,23
DA:62,12
DA:63,23
DA:64,36
LF:27
LH:26
BRDA:35,0,0,3
BRDA:35,0,1,1
BRDA:50,1,0,2
BRDA:50,1,1,0
BRF:4
BRH:3
end_of_record
TN:
SF:src/store/messages.ts
FN:14,(anonymous_0)
FN:19,(anonymous_1)
FN:21,(anonymous_2)
FN:24,(anonymous_3)
FN:29,(anonymous_4)
FN:37,(anonymous_5)
FN:39,(anonymous_6)
FN:41,(anonymous_7)
FNF:8
FNH:5
FNDA:0,(anonymous_0)
FNDA:9,(anonymous_1)
FNDA:2,(anonymous_2)
FNDA:2,(anonymous_3)
FNDA:1,(anonymous_4)
FNDA:0,(anonymous_5)
FNDA:26,(anonymous_6)
FNDA:0,(anonymous_7)
DA:5,23
DA:10,23
DA:15,0
DA:16,0
DA:20,9
DA:22,2
DA:25,2
DA:26,2
DA:27,2
DA:30,1
DA:31,1
DA:36,23
DA:37,23
DA:38,0
DA:39,23
DA:40,26
DA:41,23
DA:42,0
LF:18
LH:14
BRDA:31,0,0,1
BRDA:31,0,1,1
BRF:2
BRH:2
end_of_record
TN:
SF:src/store/participant.ts
FN:15,(anonymous_0)
FN:19,(anonymous_1)
FN:22,(anonymous_2)
FN:26,(anonymous_3)
FN:28,(anonymous_4)
FN:31,(anonymous_5)
FN:36,(anonymous_6)
FN:44,(anonymous_7)
FN:46,(anonymous_8)
FN:48,(anonymous_9)
FNF:10
FNH:6
FNDA:0,(anonymous_0)
FNDA:0,(anonymous_1)
FNDA:0,(anonymous_2)
FNDA:4,(anonymous_3)
FNDA:1,(anonymous_4)
FNDA:1,(anonymous_5)
FNDA:0,(anonymous_6)
FNDA:24,(anonymous_7)
FNDA:24,(anonymous_8)
FNDA:24,(anonymous_9)
DA:6,8
DA:11,8
DA:16,0
DA:17,0
DA:20,0
DA:21,0
DA:22,0
DA:27,4
DA:29,1
DA:32,1
DA:33,1
DA:34,1
DA:37,0
DA:38,0
DA:43,8
DA:44,8
DA:45,24
DA:46,8
DA:47,24
DA:48,8
DA:49,24
LF:21
LH:14
BRDA:38,0,0,0
BRDA:38,0,1,0
BRF:2
BRH:0
end_of_record
TN:
SF:src/store/user.ts
FN:18,(anonymous_0)
FN:20,(anonymous_1)
FN:23,(anonymous_2)
FN:28,(anonymous_3)
FN:34,(anonymous_4)
FN:37,(anonymous_5)
FN:42,(anonymous_6)
FN:50,(anonymous_7)
FN:51,(anonymous_8)
FN:52,(anonymous_9)
FN:53,(anonymous_10)
FNF:11
FNH:11
FNDA:9,(anonymous_0)
FNDA:1,(anonymous_1)
FNDA:1,(anonymous_2)
FNDA:1,(anonymous_3)
FNDA:1,(anonymous_4)
FNDA:1,(anonymous_5)
FNDA:1,(anonymous_6)
FNDA:21,(anonymous_7)
FNDA:19,(anonymous_8)
FNDA:19,(anonymous_9)
FNDA:19,(anonymous_10)
DA:5,23
DA:14,23
DA:19,9
DA:21,1
DA:24,1
DA:25,1
DA:26,1
DA:29,1
DA:30,1
DA:31,1
DA:33,9
DA:35,1
DA:38,1
DA:39,1
DA:40,1
DA:43,1
DA:44,1
DA:50,23
DA:51,23
DA:52,23
DA:53,23
LF:21
LH:21
BRDA:31,0,0,1
BRDA:31,0,1,1
BRDA:45,1,0,1
BRDA:45,1,1,1
BRF:4
BRH:4
end_of_record
